{"C:\\xampp\\htdocs\\SMITHSONIAN-CLAUDE-AUTOMATED\\smithsonian-art-store\\gallery-store\\images.test.ts": {"path":"C:\\xampp\\htdocs\\SMITHSONIAN-CLAUDE-AUTOMATED\\smithsonian-art-store\\gallery-store\\images.test.ts","all":true,"statementMap":{"0":{"start":{"line":1,"column":0},"end":{"line":1,"column":61}},"8":{"start":{"line":9,"column":0},"end":{"line":9,"column":17}},"10":{"start":{"line":11,"column":0},"end":{"line":11,"column":39}},"12":{"start":{"line":13,"column":0},"end":{"line":13,"column":33}},"13":{"start":{"line":14,"column":0},"end":{"line":14,"column":52}},"14":{"start":{"line":15,"column":0},"end":{"line":15,"column":39}},"15":{"start":{"line":16,"column":0},"end":{"line":16,"column":45}},"16":{"start":{"line":17,"column":0},"end":{"line":17,"column":43}},"17":{"start":{"line":18,"column":0},"end":{"line":18,"column":41}},"18":{"start":{"line":19,"column":0},"end":{"line":19,"column":6}},"19":{"start":{"line":20,"column":0},"end":{"line":20,"column":4}},"21":{"start":{"line":22,"column":0},"end":{"line":22,"column":37}},"22":{"start":{"line":23,"column":0},"end":{"line":23,"column":87}},"23":{"start":{"line":24,"column":0},"end":{"line":24,"column":54}},"25":{"start":{"line":26,"column":0},"end":{"line":26,"column":60}},"26":{"start":{"line":27,"column":0},"end":{"line":27,"column":47}},"27":{"start":{"line":28,"column":0},"end":{"line":28,"column":6}},"29":{"start":{"line":30,"column":0},"end":{"line":30,"column":64}},"30":{"start":{"line":31,"column":0},"end":{"line":31,"column":75}},"31":{"start":{"line":32,"column":0},"end":{"line":32,"column":6}},"33":{"start":{"line":34,"column":0},"end":{"line":34,"column":50}},"36":{"start":{"line":37,"column":0},"end":{"line":37,"column":73}},"37":{"start":{"line":38,"column":0},"end":{"line":38,"column":59}},"39":{"start":{"line":40,"column":0},"end":{"line":40,"column":54}},"40":{"start":{"line":41,"column":0},"end":{"line":41,"column":46}},"41":{"start":{"line":42,"column":0},"end":{"line":42,"column":41}},"42":{"start":{"line":43,"column":0},"end":{"line":43,"column":43}},"43":{"start":{"line":44,"column":0},"end":{"line":44,"column":42}},"44":{"start":{"line":45,"column":0},"end":{"line":45,"column":42}},"45":{"start":{"line":46,"column":0},"end":{"line":46,"column":68}},"46":{"start":{"line":47,"column":0},"end":{"line":47,"column":8}},"48":{"start":{"line":49,"column":0},"end":{"line":49,"column":69}},"49":{"start":{"line":50,"column":0},"end":{"line":50,"column":55}},"51":{"start":{"line":52,"column":0},"end":{"line":52,"column":54}},"52":{"start":{"line":53,"column":0},"end":{"line":53,"column":41}},"53":{"start":{"line":54,"column":0},"end":{"line":54,"column":8}},"55":{"start":{"line":56,"column":0},"end":{"line":56,"column":59}},"56":{"start":{"line":57,"column":0},"end":{"line":57,"column":60}},"59":{"start":{"line":60,"column":0},"end":{"line":60,"column":48}},"62":{"start":{"line":63,"column":0},"end":{"line":63,"column":62}},"63":{"start":{"line":64,"column":0},"end":{"line":64,"column":8}},"65":{"start":{"line":66,"column":0},"end":{"line":66,"column":68}},"66":{"start":{"line":67,"column":0},"end":{"line":67,"column":79}},"67":{"start":{"line":68,"column":0},"end":{"line":68,"column":58}},"69":{"start":{"line":70,"column":0},"end":{"line":70,"column":67}},"70":{"start":{"line":71,"column":0},"end":{"line":71,"column":8}},"71":{"start":{"line":72,"column":0},"end":{"line":72,"column":6}},"73":{"start":{"line":74,"column":0},"end":{"line":74,"column":44}},"74":{"start":{"line":75,"column":0},"end":{"line":75,"column":50}},"75":{"start":{"line":76,"column":0},"end":{"line":76,"column":77}},"76":{"start":{"line":77,"column":0},"end":{"line":77,"column":41}},"77":{"start":{"line":78,"column":0},"end":{"line":78,"column":8}},"79":{"start":{"line":80,"column":0},"end":{"line":80,"column":48}},"80":{"start":{"line":81,"column":0},"end":{"line":81,"column":75}},"81":{"start":{"line":82,"column":0},"end":{"line":82,"column":41}},"82":{"start":{"line":83,"column":0},"end":{"line":83,"column":8}},"84":{"start":{"line":85,"column":0},"end":{"line":85,"column":45}},"85":{"start":{"line":86,"column":0},"end":{"line":86,"column":72}},"86":{"start":{"line":87,"column":0},"end":{"line":87,"column":42}},"87":{"start":{"line":88,"column":0},"end":{"line":88,"column":8}},"88":{"start":{"line":89,"column":0},"end":{"line":89,"column":6}},"89":{"start":{"line":90,"column":0},"end":{"line":90,"column":4}},"91":{"start":{"line":92,"column":0},"end":{"line":92,"column":31}},"92":{"start":{"line":93,"column":0},"end":{"line":93,"column":51}},"94":{"start":{"line":95,"column":0},"end":{"line":95,"column":60}},"95":{"start":{"line":96,"column":0},"end":{"line":96,"column":39}},"97":{"start":{"line":98,"column":0},"end":{"line":98,"column":38}},"98":{"start":{"line":99,"column":0},"end":{"line":99,"column":38}},"99":{"start":{"line":100,"column":0},"end":{"line":100,"column":39}},"100":{"start":{"line":101,"column":0},"end":{"line":101,"column":39}},"101":{"start":{"line":102,"column":0},"end":{"line":102,"column":6}},"103":{"start":{"line":104,"column":0},"end":{"line":104,"column":59}},"104":{"start":{"line":105,"column":0},"end":{"line":105,"column":51}},"106":{"start":{"line":107,"column":0},"end":{"line":107,"column":38}},"107":{"start":{"line":108,"column":0},"end":{"line":108,"column":38}},"108":{"start":{"line":109,"column":0},"end":{"line":109,"column":42}},"109":{"start":{"line":110,"column":0},"end":{"line":110,"column":6}},"111":{"start":{"line":112,"column":0},"end":{"line":112,"column":53}},"112":{"start":{"line":113,"column":0},"end":{"line":113,"column":51}},"113":{"start":{"line":114,"column":0},"end":{"line":114,"column":38}},"115":{"start":{"line":116,"column":0},"end":{"line":116,"column":35}},"116":{"start":{"line":117,"column":0},"end":{"line":117,"column":6}},"117":{"start":{"line":118,"column":0},"end":{"line":118,"column":4}},"119":{"start":{"line":120,"column":0},"end":{"line":120,"column":30}},"120":{"start":{"line":121,"column":0},"end":{"line":121,"column":45}},"121":{"start":{"line":122,"column":0},"end":{"line":122,"column":31}},"123":{"start":{"line":124,"column":0},"end":{"line":124,"column":58}},"124":{"start":{"line":125,"column":0},"end":{"line":125,"column":58}},"125":{"start":{"line":126,"column":0},"end":{"line":126,"column":39}},"126":{"start":{"line":127,"column":0},"end":{"line":127,"column":6}},"128":{"start":{"line":129,"column":0},"end":{"line":129,"column":49}},"129":{"start":{"line":130,"column":0},"end":{"line":130,"column":31}},"130":{"start":{"line":131,"column":0},"end":{"line":131,"column":37}},"131":{"start":{"line":132,"column":0},"end":{"line":132,"column":26}},"132":{"start":{"line":133,"column":0},"end":{"line":133,"column":8}},"134":{"start":{"line":135,"column":0},"end":{"line":135,"column":57}},"135":{"start":{"line":136,"column":0},"end":{"line":136,"column":39}},"136":{"start":{"line":137,"column":0},"end":{"line":137,"column":6}},"137":{"start":{"line":138,"column":0},"end":{"line":138,"column":4}},"139":{"start":{"line":140,"column":0},"end":{"line":140,"column":29}},"140":{"start":{"line":141,"column":0},"end":{"line":141,"column":53}},"141":{"start":{"line":142,"column":0},"end":{"line":142,"column":49}},"142":{"start":{"line":143,"column":0},"end":{"line":143,"column":33}},"144":{"start":{"line":145,"column":0},"end":{"line":145,"column":38}},"145":{"start":{"line":146,"column":0},"end":{"line":146,"column":6}},"146":{"start":{"line":147,"column":0},"end":{"line":147,"column":4}},"148":{"start":{"line":149,"column":0},"end":{"line":149,"column":34}},"149":{"start":{"line":150,"column":0},"end":{"line":150,"column":55}},"150":{"start":{"line":151,"column":0},"end":{"line":151,"column":49}},"151":{"start":{"line":152,"column":0},"end":{"line":152,"column":44}},"153":{"start":{"line":154,"column":0},"end":{"line":154,"column":34}},"154":{"start":{"line":155,"column":0},"end":{"line":155,"column":6}},"156":{"start":{"line":157,"column":0},"end":{"line":157,"column":58}},"157":{"start":{"line":158,"column":0},"end":{"line":158,"column":49}},"158":{"start":{"line":159,"column":0},"end":{"line":159,"column":29}},"161":{"start":{"line":162,"column":0},"end":{"line":162,"column":29}},"162":{"start":{"line":163,"column":0},"end":{"line":163,"column":6}},"163":{"start":{"line":164,"column":0},"end":{"line":164,"column":4}},"164":{"start":{"line":165,"column":0},"end":{"line":165,"column":2}},"166":{"start":{"line":167,"column":0},"end":{"line":167,"column":47}},"167":{"start":{"line":168,"column":0},"end":{"line":168,"column":66}},"169":{"start":{"line":170,"column":0},"end":{"line":170,"column":61}},"170":{"start":{"line":171,"column":0},"end":{"line":171,"column":46}},"171":{"start":{"line":172,"column":0},"end":{"line":172,"column":46}},"173":{"start":{"line":174,"column":0},"end":{"line":174,"column":27}},"174":{"start":{"line":175,"column":0},"end":{"line":175,"column":4}},"176":{"start":{"line":177,"column":0},"end":{"line":177,"column":66}},"177":{"start":{"line":178,"column":0},"end":{"line":178,"column":51}},"178":{"start":{"line":179,"column":0},"end":{"line":179,"column":49}},"180":{"start":{"line":181,"column":0},"end":{"line":181,"column":39}},"181":{"start":{"line":182,"column":0},"end":{"line":182,"column":4}},"182":{"start":{"line":183,"column":0},"end":{"line":183,"column":2}}},"s":{"0":0,"8":0,"10":0,"12":0,"13":0,"14":0,"15":0,"16":0,"17":0,"18":0,"19":0,"21":0,"22":0,"23":0,"25":0,"26":0,"27":0,"29":0,"30":0,"31":0,"33":0,"36":0,"37":0,"39":0,"40":0,"41":0,"42":0,"43":0,"44":0,"45":0,"46":0,"48":0,"49":0,"51":0,"52":0,"53":0,"55":0,"56":0,"59":0,"62":0,"63":0,"65":0,"66":0,"67":0,"69":0,"70":0,"71":0,"73":0,"74":0,"75":0,"76":0,"77":0,"79":0,"80":0,"81":0,"82":0,"84":0,"85":0,"86":0,"87":0,"88":0,"89":0,"91":0,"92":0,"94":0,"95":0,"97":0,"98":0,"99":0,"100":0,"101":0,"103":0,"104":0,"106":0,"107":0,"108":0,"109":0,"111":0,"112":0,"113":0,"115":0,"116":0,"117":0,"119":0,"120":0,"121":0,"123":0,"124":0,"125":0,"126":0,"128":0,"129":0,"130":0,"131":0,"132":0,"134":0,"135":0,"136":0,"137":0,"139":0,"140":0,"141":0,"142":0,"144":0,"145":0,"146":0,"148":0,"149":0,"150":0,"151":0,"153":0,"154":0,"156":0,"157":0,"158":0,"161":0,"162":0,"163":0,"164":0,"166":0,"167":0,"169":0,"170":0,"171":0,"173":0,"174":0,"176":0,"177":0,"178":0,"180":0,"181":0,"182":0},"branchMap":{"0":{"type":"branch","line":1,"loc":{"start":{"line":1,"column":0},"end":{"line":183,"column":-1475}},"locations":[{"start":{"line":1,"column":0},"end":{"line":183,"column":-1475}}]}},"b":{"0":[0]},"fnMap":{"0":{"name":"(empty-report)","decl":{"start":{"line":1,"column":0},"end":{"line":183,"column":-1475}},"loc":{"start":{"line":1,"column":0},"end":{"line":183,"column":-1475}},"line":1}},"f":{"0":0}}
,"C:\\xampp\\htdocs\\SMITHSONIAN-CLAUDE-AUTOMATED\\smithsonian-art-store\\gallery-store\\server.dev.js": {"path":"C:\\xampp\\htdocs\\SMITHSONIAN-CLAUDE-AUTOMATED\\smithsonian-art-store\\gallery-store\\server.dev.js","all":true,"statementMap":{"0":{"start":{"line":1,"column":0},"end":{"line":1,"column":29}},"1":{"start":{"line":2,"column":0},"end":{"line":2,"column":55}},"2":{"start":{"line":3,"column":0},"end":{"line":3,"column":27}},"3":{"start":{"line":4,"column":0},"end":{"line":4,"column":27}},"4":{"start":{"line":5,"column":0},"end":{"line":5,"column":0}},"5":{"start":{"line":6,"column":0},"end":{"line":6,"column":37}},"6":{"start":{"line":7,"column":0},"end":{"line":7,"column":0}},"7":{"start":{"line":8,"column":0},"end":{"line":8,"column":56}},"8":{"start":{"line":9,"column":0},"end":{"line":9,"column":0}},"9":{"start":{"line":10,"column":0},"end":{"line":10,"column":30}},"10":{"start":{"line":11,"column":0},"end":{"line":11,"column":23}},"11":{"start":{"line":12,"column":0},"end":{"line":12,"column":25}},"12":{"start":{"line":13,"column":0},"end":{"line":13,"column":0}},"13":{"start":{"line":14,"column":0},"end":{"line":14,"column":24}},"14":{"start":{"line":15,"column":0},"end":{"line":15,"column":62}},"15":{"start":{"line":16,"column":0},"end":{"line":16,"column":9}},"16":{"start":{"line":17,"column":0},"end":{"line":17,"column":39}},"17":{"start":{"line":18,"column":0},"end":{"line":18,"column":0}},"18":{"start":{"line":19,"column":0},"end":{"line":19,"column":41}},"19":{"start":{"line":20,"column":0},"end":{"line":20,"column":63}},"20":{"start":{"line":21,"column":0},"end":{"line":21,"column":7}},"21":{"start":{"line":22,"column":0},"end":{"line":22,"column":0}},"22":{"start":{"line":23,"column":0},"end":{"line":23,"column":51}},"23":{"start":{"line":24,"column":0},"end":{"line":24,"column":59}},"24":{"start":{"line":25,"column":0},"end":{"line":25,"column":49}},"25":{"start":{"line":26,"column":0},"end":{"line":26,"column":11}},"26":{"start":{"line":27,"column":0},"end":{"line":27,"column":0}},"27":{"start":{"line":28,"column":0},"end":{"line":28,"column":64}},"28":{"start":{"line":29,"column":0},"end":{"line":29,"column":71}},"29":{"start":{"line":30,"column":0},"end":{"line":30,"column":24}},"30":{"start":{"line":31,"column":0},"end":{"line":31,"column":53}},"31":{"start":{"line":32,"column":0},"end":{"line":32,"column":19}},"32":{"start":{"line":33,"column":0},"end":{"line":33,"column":45}},"33":{"start":{"line":34,"column":0},"end":{"line":34,"column":93}},"34":{"start":{"line":35,"column":0},"end":{"line":35,"column":9}},"35":{"start":{"line":36,"column":0},"end":{"line":36,"column":8}},"36":{"start":{"line":37,"column":0},"end":{"line":37,"column":0}},"37":{"start":{"line":38,"column":0},"end":{"line":38,"column":61}},"38":{"start":{"line":39,"column":0},"end":{"line":39,"column":21}},"39":{"start":{"line":40,"column":0},"end":{"line":40,"column":43}},"40":{"start":{"line":41,"column":0},"end":{"line":41,"column":52}},"41":{"start":{"line":42,"column":0},"end":{"line":42,"column":5}},"42":{"start":{"line":43,"column":0},"end":{"line":43,"column":4}},"43":{"start":{"line":44,"column":0},"end":{"line":44,"column":0}},"44":{"start":{"line":45,"column":0},"end":{"line":45,"column":27}},"45":{"start":{"line":46,"column":0},"end":{"line":46,"column":39}},"46":{"start":{"line":47,"column":0},"end":{"line":47,"column":37}},"47":{"start":{"line":48,"column":0},"end":{"line":48,"column":18}},"48":{"start":{"line":49,"column":0},"end":{"line":49,"column":4}},"49":{"start":{"line":50,"column":0},"end":{"line":50,"column":0}},"50":{"start":{"line":51,"column":0},"end":{"line":51,"column":27}},"51":{"start":{"line":52,"column":0},"end":{"line":52,"column":0}},"52":{"start":{"line":53,"column":0},"end":{"line":53,"column":39}},"53":{"start":{"line":54,"column":0},"end":{"line":54,"column":0}},"54":{"start":{"line":55,"column":0},"end":{"line":55,"column":26}},"55":{"start":{"line":56,"column":0},"end":{"line":56,"column":19}},"56":{"start":{"line":57,"column":0},"end":{"line":57,"column":48}},"57":{"start":{"line":58,"column":0},"end":{"line":58,"column":47}},"58":{"start":{"line":59,"column":0},"end":{"line":59,"column":54}},"59":{"start":{"line":60,"column":0},"end":{"line":60,"column":56}},"60":{"start":{"line":61,"column":0},"end":{"line":61,"column":96}},"61":{"start":{"line":62,"column":0},"end":{"line":62,"column":19}},"62":{"start":{"line":63,"column":0},"end":{"line":63,"column":4}},"63":{"start":{"line":64,"column":0},"end":{"line":64,"column":1}},"64":{"start":{"line":65,"column":0},"end":{"line":65,"column":0}},"65":{"start":{"line":66,"column":0},"end":{"line":66,"column":13}}},"s":{"0":0,"1":0,"2":0,"3":0,"4":0,"5":0,"6":0,"7":0,"8":0,"9":0,"10":0,"11":0,"12":0,"13":0,"14":0,"15":0,"16":0,"17":0,"18":0,"19":0,"20":0,"21":0,"22":0,"23":0,"24":0,"25":0,"26":0,"27":0,"28":0,"29":0,"30":0,"31":0,"32":0,"33":0,"34":0,"35":0,"36":0,"37":0,"38":0,"39":0,"40":0,"41":0,"42":0,"43":0,"44":0,"45":0,"46":0,"47":0,"48":0,"49":0,"50":0,"51":0,"52":0,"53":0,"54":0,"55":0,"56":0,"57":0,"58":0,"59":0,"60":0,"61":0,"62":0,"63":0,"64":0,"65":0},"branchMap":{"0":{"type":"branch","line":1,"loc":{"start":{"line":1,"column":0},"end":{"line":66,"column":-352}},"locations":[{"start":{"line":1,"column":0},"end":{"line":66,"column":-352}}]}},"b":{"0":[0]},"fnMap":{"0":{"name":"(empty-report)","decl":{"start":{"line":1,"column":0},"end":{"line":66,"column":-352}},"loc":{"start":{"line":1,"column":0},"end":{"line":66,"column":-352}},"line":1}},"f":{"0":0}}
,"C:\\xampp\\htdocs\\SMITHSONIAN-CLAUDE-AUTOMATED\\smithsonian-art-store\\gallery-store\\vite.config.js": {"path":"C:\\xampp\\htdocs\\SMITHSONIAN-CLAUDE-AUTOMATED\\smithsonian-art-store\\gallery-store\\vite.config.js","all":true,"statementMap":{"0":{"start":{"line":1,"column":0},"end":{"line":1,"column":35}},"1":{"start":{"line":2,"column":0},"end":{"line":2,"column":40}},"2":{"start":{"line":3,"column":0},"end":{"line":3,"column":43}},"3":{"start":{"line":4,"column":0},"end":{"line":4,"column":0}},"4":{"start":{"line":5,"column":0},"end":{"line":5,"column":29}},"5":{"start":{"line":6,"column":0},"end":{"line":6,"column":36}},"6":{"start":{"line":7,"column":0},"end":{"line":7,"column":2}}},"s":{"0":0,"1":0,"2":0,"3":0,"4":0,"5":0,"6":0},"branchMap":{"0":{"type":"branch","line":1,"loc":{"start":{"line":1,"column":191},"end":{"line":7,"column":2}},"locations":[{"start":{"line":1,"column":191},"end":{"line":7,"column":2}}]}},"b":{"0":[0]},"fnMap":{"0":{"name":"(empty-report)","decl":{"start":{"line":1,"column":191},"end":{"line":7,"column":2}},"loc":{"start":{"line":1,"column":191},"end":{"line":7,"column":2}},"line":1}},"f":{"0":0}}
,"C:\\xampp\\htdocs\\SMITHSONIAN-CLAUDE-AUTOMATED\\smithsonian-art-store\\gallery-store\\vitest.config.ts": {"path":"C:\\xampp\\htdocs\\SMITHSONIAN-CLAUDE-AUTOMATED\\smithsonian-art-store\\gallery-store\\vitest.config.ts","all":true,"statementMap":{"0":{"start":{"line":1,"column":0},"end":{"line":1,"column":32}},"1":{"start":{"line":2,"column":0},"end":{"line":2,"column":35}},"2":{"start":{"line":3,"column":0},"end":{"line":3,"column":40}},"4":{"start":{"line":5,"column":0},"end":{"line":5,"column":29}},"5":{"start":{"line":6,"column":0},"end":{"line":6,"column":21}},"6":{"start":{"line":7,"column":0},"end":{"line":7,"column":9}},"7":{"start":{"line":8,"column":0},"end":{"line":8,"column":18}},"8":{"start":{"line":9,"column":0},"end":{"line":9,"column":25}},"9":{"start":{"line":10,"column":0},"end":{"line":10,"column":40}},"10":{"start":{"line":11,"column":0},"end":{"line":11,"column":70}},"12":{"start":{"line":13,"column":0},"end":{"line":13,"column":11}},"13":{"start":{"line":14,"column":0},"end":{"line":14,"column":36}},"14":{"start":{"line":15,"column":0},"end":{"line":15,"column":6}},"15":{"start":{"line":16,"column":0},"end":{"line":16,"column":15}},"16":{"start":{"line":17,"column":0},"end":{"line":17,"column":21}},"17":{"start":{"line":18,"column":0},"end":{"line":18,"column":41}},"18":{"start":{"line":19,"column":0},"end":{"line":19,"column":16}},"19":{"start":{"line":20,"column":0},"end":{"line":20,"column":24}},"20":{"start":{"line":21,"column":0},"end":{"line":21,"column":20}},"21":{"start":{"line":22,"column":0},"end":{"line":22,"column":20}},"22":{"start":{"line":23,"column":0},"end":{"line":23,"column":23}},"23":{"start":{"line":24,"column":0},"end":{"line":24,"column":27}},"24":{"start":{"line":25,"column":0},"end":{"line":25,"column":7}},"25":{"start":{"line":26,"column":0},"end":{"line":26,"column":5}},"26":{"start":{"line":27,"column":0},"end":{"line":27,"column":3}},"27":{"start":{"line":28,"column":0},"end":{"line":28,"column":2}}},"s":{"0":0,"1":0,"2":0,"4":0,"5":0,"6":0,"7":0,"8":0,"9":0,"10":0,"12":0,"13":0,"14":0,"15":0,"16":0,"17":0,"18":0,"19":0,"20":0,"21":0,"22":0,"23":0,"24":0,"25":0,"26":0,"27":0},"branchMap":{"0":{"type":"branch","line":1,"loc":{"start":{"line":1,"column":0},"end":{"line":28,"column":-163}},"locations":[{"start":{"line":1,"column":0},"end":{"line":28,"column":-163}}]}},"b":{"0":[0]},"fnMap":{"0":{"name":"(empty-report)","decl":{"start":{"line":1,"column":0},"end":{"line":28,"column":-163}},"loc":{"start":{"line":1,"column":0},"end":{"line":28,"column":-163}},"line":1}},"f":{"0":0}}
,"C:\\xampp\\htdocs\\SMITHSONIAN-CLAUDE-AUTOMATED\\smithsonian-art-store\\gallery-store\\api\\create-payment-intent.js": {"path":"C:\\xampp\\htdocs\\SMITHSONIAN-CLAUDE-AUTOMATED\\smithsonian-art-store\\gallery-store\\api\\create-payment-intent.js","all":true,"statementMap":{"0":{"start":{"line":1,"column":0},"end":{"line":1,"column":27}},"2":{"start":{"line":3,"column":0},"end":{"line":3,"column":56}},"4":{"start":{"line":5,"column":0},"end":{"line":5,"column":49}},"5":{"start":{"line":6,"column":0},"end":{"line":6,"column":30}},"6":{"start":{"line":7,"column":0},"end":{"line":7,"column":64}},"7":{"start":{"line":8,"column":0},"end":{"line":8,"column":3}},"9":{"start":{"line":10,"column":0},"end":{"line":10,"column":7}},"10":{"start":{"line":11,"column":0},"end":{"line":11,"column":37}},"12":{"start":{"line":13,"column":0},"end":{"line":13,"column":39}},"13":{"start":{"line":14,"column":0},"end":{"line":14,"column":61}},"14":{"start":{"line":15,"column":0},"end":{"line":15,"column":5}},"16":{"start":{"line":17,"column":0},"end":{"line":17,"column":49}},"17":{"start":{"line":18,"column":0},"end":{"line":18,"column":57}},"18":{"start":{"line":19,"column":0},"end":{"line":19,"column":47}},"19":{"start":{"line":20,"column":0},"end":{"line":20,"column":9}},"21":{"start":{"line":22,"column":0},"end":{"line":22,"column":62}},"22":{"start":{"line":23,"column":0},"end":{"line":23,"column":48}},"23":{"start":{"line":24,"column":0},"end":{"line":24,"column":22}},"24":{"start":{"line":25,"column":0},"end":{"line":25,"column":51}},"25":{"start":{"line":26,"column":0},"end":{"line":26,"column":17}},"26":{"start":{"line":27,"column":0},"end":{"line":27,"column":43}},"27":{"start":{"line":28,"column":0},"end":{"line":28,"column":91}},"28":{"start":{"line":29,"column":0},"end":{"line":29,"column":7}},"29":{"start":{"line":30,"column":0},"end":{"line":30,"column":6}},"31":{"start":{"line":32,"column":0},"end":{"line":32,"column":71}},"32":{"start":{"line":33,"column":0},"end":{"line":33,"column":19}},"33":{"start":{"line":34,"column":0},"end":{"line":34,"column":41}},"34":{"start":{"line":35,"column":0},"end":{"line":35,"column":50}},"35":{"start":{"line":36,"column":0},"end":{"line":36,"column":3}},"36":{"start":{"line":37,"column":0},"end":{"line":37,"column":1}}},"s":{"0":0,"2":0,"4":0,"5":0,"6":0,"7":0,"9":0,"10":0,"12":0,"13":0,"14":0,"16":0,"17":0,"18":0,"19":0,"21":0,"22":0,"23":0,"24":0,"25":0,"26":0,"27":0,"28":0,"29":0,"31":0,"32":0,"33":0,"34":0,"35":0,"36":0},"branchMap":{"0":{"type":"branch","line":1,"loc":{"start":{"line":1,"column":0},"end":{"line":37,"column":-72}},"locations":[{"start":{"line":1,"column":0},"end":{"line":37,"column":-72}}]}},"b":{"0":[0]},"fnMap":{"0":{"name":"(empty-report)","decl":{"start":{"line":1,"column":0},"end":{"line":37,"column":-72}},"loc":{"start":{"line":1,"column":0},"end":{"line":37,"column":-72}},"line":1}},"f":{"0":0}}
,"C:\\xampp\\htdocs\\SMITHSONIAN-CLAUDE-AUTOMATED\\smithsonian-art-store\\gallery-store\\src\\App.tsx": {"path":"C:\\xampp\\htdocs\\SMITHSONIAN-CLAUDE-AUTOMATED\\smithsonian-art-store\\gallery-store\\src\\App.tsx","all":true,"statementMap":{"0":{"start":{"line":1,"column":0},"end":{"line":1,"column":48}},"1":{"start":{"line":2,"column":0},"end":{"line":2,"column":47}},"2":{"start":{"line":3,"column":0},"end":{"line":3,"column":31}},"3":{"start":{"line":4,"column":0},"end":{"line":4,"column":37}},"4":{"start":{"line":5,"column":0},"end":{"line":5,"column":39}},"5":{"start":{"line":6,"column":0},"end":{"line":6,"column":41}},"7":{"start":{"line":8,"column":0},"end":{"line":8,"column":16}},"8":{"start":{"line":9,"column":0},"end":{"line":9,"column":10}},"9":{"start":{"line":10,"column":0},"end":{"line":10,"column":46}},"10":{"start":{"line":11,"column":0},"end":{"line":11,"column":16}},"11":{"start":{"line":12,"column":0},"end":{"line":12,"column":14}},"12":{"start":{"line":13,"column":0},"end":{"line":13,"column":14}},"13":{"start":{"line":14,"column":0},"end":{"line":14,"column":45}},"14":{"start":{"line":15,"column":0},"end":{"line":15,"column":59}},"15":{"start":{"line":16,"column":0},"end":{"line":16,"column":57}},"16":{"start":{"line":17,"column":0},"end":{"line":17,"column":15}},"17":{"start":{"line":18,"column":0},"end":{"line":18,"column":10}},"19":{"start":{"line":20,"column":0},"end":{"line":20,"column":1}},"21":{"start":{"line":22,"column":0},"end":{"line":22,"column":18}}},"s":{"0":0,"1":0,"2":0,"3":0,"4":0,"5":0,"7":0,"8":0,"9":0,"10":0,"11":0,"12":0,"13":0,"14":0,"15":0,"16":0,"17":0,"19":0,"21":0},"branchMap":{"0":{"type":"branch","line":1,"loc":{"start":{"line":1,"column":588},"end":{"line":22,"column":18}},"locations":[{"start":{"line":1,"column":588},"end":{"line":22,"column":18}}]}},"b":{"0":[0]},"fnMap":{"0":{"name":"(empty-report)","decl":{"start":{"line":1,"column":588},"end":{"line":22,"column":18}},"loc":{"start":{"line":1,"column":588},"end":{"line":22,"column":18}},"line":1}},"f":{"0":0}}
,"C:\\xampp\\htdocs\\SMITHSONIAN-CLAUDE-AUTOMATED\\smithsonian-art-store\\gallery-store\\src\\components\\cart\\Cart.test.tsx": {"path":"C:\\xampp\\htdocs\\SMITHSONIAN-CLAUDE-AUTOMATED\\smithsonian-art-store\\gallery-store\\src\\components\\cart\\Cart.test.tsx","all":false,"statementMap":{"0":{"start":{"line":1,"column":0},"end":{"line":1,"column":61}},"1":{"start":{"line":2,"column":0},"end":{"line":2,"column":75}},"2":{"start":{"line":3,"column":0},"end":{"line":3,"column":48}},"3":{"start":{"line":4,"column":0},"end":{"line":4,"column":25}},"4":{"start":{"line":5,"column":0},"end":{"line":5,"column":73}},"6":{"start":{"line":7,"column":0},"end":{"line":7,"column":40}},"9":{"start":{"line":10,"column":0},"end":{"line":10,"column":49}},"12":{"start":{"line":13,"column":0},"end":{"line":13,"column":63}},"13":{"start":{"line":14,"column":0},"end":{"line":14,"column":36}},"15":{"start":{"line":16,"column":0},"end":{"line":16,"column":19}},"16":{"start":{"line":17,"column":0},"end":{"line":17,"column":14}},"17":{"start":{"line":18,"column":0},"end":{"line":18,"column":23}},"18":{"start":{"line":19,"column":0},"end":{"line":19,"column":16}},"19":{"start":{"line":20,"column":0},"end":{"line":20,"column":36}},"20":{"start":{"line":21,"column":0},"end":{"line":21,"column":23}},"21":{"start":{"line":22,"column":0},"end":{"line":22,"column":25}},"22":{"start":{"line":23,"column":0},"end":{"line":23,"column":30}},"23":{"start":{"line":24,"column":0},"end":{"line":24,"column":30}},"24":{"start":{"line":25,"column":0},"end":{"line":25,"column":44}},"25":{"start":{"line":26,"column":0},"end":{"line":26,"column":7}},"26":{"start":{"line":27,"column":0},"end":{"line":27,"column":6}},"27":{"start":{"line":28,"column":0},"end":{"line":28,"column":16}},"29":{"start":{"line":30,"column":0},"end":{"line":30,"column":24}},"30":{"start":{"line":31,"column":0},"end":{"line":31,"column":1}},"33":{"start":{"line":34,"column":0},"end":{"line":34,"column":27}},"34":{"start":{"line":35,"column":0},"end":{"line":35,"column":36}},"35":{"start":{"line":36,"column":0},"end":{"line":36,"column":19}},"36":{"start":{"line":37,"column":0},"end":{"line":37,"column":37}},"37":{"start":{"line":38,"column":0},"end":{"line":38,"column":16}},"38":{"start":{"line":39,"column":0},"end":{"line":39,"column":13}},"39":{"start":{"line":40,"column":0},"end":{"line":40,"column":1}},"42":{"start":{"line":43,"column":0},"end":{"line":43,"column":59}},"43":{"start":{"line":44,"column":0},"end":{"line":44,"column":38}},"45":{"start":{"line":46,"column":0},"end":{"line":46,"column":17}},"46":{"start":{"line":47,"column":0},"end":{"line":47,"column":18}},"47":{"start":{"line":48,"column":0},"end":{"line":48,"column":21}},"48":{"start":{"line":49,"column":0},"end":{"line":49,"column":22}},"49":{"start":{"line":50,"column":0},"end":{"line":50,"column":24}},"50":{"start":{"line":51,"column":0},"end":{"line":51,"column":20}},"51":{"start":{"line":52,"column":0},"end":{"line":52,"column":25}},"52":{"start":{"line":53,"column":0},"end":{"line":53,"column":23}},"53":{"start":{"line":54,"column":0},"end":{"line":54,"column":22}},"54":{"start":{"line":55,"column":0},"end":{"line":55,"column":5}},"55":{"start":{"line":56,"column":0},"end":{"line":56,"column":3}},"57":{"start":{"line":58,"column":0},"end":{"line":58,"column":16}},"58":{"start":{"line":59,"column":0},"end":{"line":59,"column":19}},"59":{"start":{"line":60,"column":0},"end":{"line":60,"column":20}},"60":{"start":{"line":61,"column":0},"end":{"line":61,"column":16}},"61":{"start":{"line":62,"column":0},"end":{"line":62,"column":21}},"62":{"start":{"line":63,"column":0},"end":{"line":63,"column":20}},"63":{"start":{"line":64,"column":0},"end":{"line":64,"column":3}},"64":{"start":{"line":65,"column":0},"end":{"line":65,"column":1}},"66":{"start":{"line":67,"column":0},"end":{"line":67,"column":24}},"67":{"start":{"line":68,"column":0},"end":{"line":68,"column":20}},"68":{"start":{"line":69,"column":0},"end":{"line":69,"column":22}},"69":{"start":{"line":70,"column":0},"end":{"line":70,"column":24}},"70":{"start":{"line":71,"column":0},"end":{"line":71,"column":4}},"72":{"start":{"line":73,"column":0},"end":{"line":73,"column":34}},"73":{"start":{"line":74,"column":0},"end":{"line":74,"column":55}},"74":{"start":{"line":75,"column":0},"end":{"line":75,"column":18}},"75":{"start":{"line":76,"column":0},"end":{"line":76,"column":64}},"76":{"start":{"line":77,"column":0},"end":{"line":77,"column":6}},"77":{"start":{"line":78,"column":0},"end":{"line":78,"column":4}},"79":{"start":{"line":80,"column":0},"end":{"line":80,"column":33}},"80":{"start":{"line":81,"column":0},"end":{"line":81,"column":83}},"81":{"start":{"line":82,"column":0},"end":{"line":82,"column":13}},"82":{"start":{"line":83,"column":0},"end":{"line":83,"column":23}},"83":{"start":{"line":84,"column":0},"end":{"line":84,"column":24}},"84":{"start":{"line":85,"column":0},"end":{"line":85,"column":30}},"85":{"start":{"line":86,"column":0},"end":{"line":86,"column":20}},"86":{"start":{"line":87,"column":0},"end":{"line":87,"column":25}},"87":{"start":{"line":88,"column":0},"end":{"line":88,"column":24}},"88":{"start":{"line":89,"column":0},"end":{"line":89,"column":7}},"90":{"start":{"line":91,"column":0},"end":{"line":91,"column":27}},"91":{"start":{"line":92,"column":0},"end":{"line":92,"column":74}},"92":{"start":{"line":93,"column":0},"end":{"line":93,"column":8}},"93":{"start":{"line":94,"column":0},"end":{"line":94,"column":6}},"95":{"start":{"line":96,"column":0},"end":{"line":96,"column":54}},"96":{"start":{"line":97,"column":0},"end":{"line":97,"column":13}},"97":{"start":{"line":98,"column":0},"end":{"line":98,"column":23}},"98":{"start":{"line":99,"column":0},"end":{"line":99,"column":24}},"99":{"start":{"line":100,"column":0},"end":{"line":100,"column":30}},"100":{"start":{"line":101,"column":0},"end":{"line":101,"column":20}},"101":{"start":{"line":102,"column":0},"end":{"line":102,"column":25}},"102":{"start":{"line":103,"column":0},"end":{"line":103,"column":24}},"103":{"start":{"line":104,"column":0},"end":{"line":104,"column":7}},"105":{"start":{"line":106,"column":0},"end":{"line":106,"column":27}},"106":{"start":{"line":107,"column":0},"end":{"line":107,"column":81}},"107":{"start":{"line":108,"column":0},"end":{"line":108,"column":8}},"108":{"start":{"line":109,"column":0},"end":{"line":109,"column":6}},"109":{"start":{"line":110,"column":0},"end":{"line":110,"column":4}},"111":{"start":{"line":112,"column":0},"end":{"line":112,"column":32}},"112":{"start":{"line":113,"column":0},"end":{"line":113,"column":59}},"113":{"start":{"line":114,"column":0},"end":{"line":114,"column":36}},"115":{"start":{"line":116,"column":0},"end":{"line":116,"column":27}},"116":{"start":{"line":117,"column":0},"end":{"line":117,"column":64}},"117":{"start":{"line":118,"column":0},"end":{"line":118,"column":48}},"118":{"start":{"line":119,"column":0},"end":{"line":119,"column":45}},"119":{"start":{"line":120,"column":0},"end":{"line":120,"column":8}},"120":{"start":{"line":121,"column":0},"end":{"line":121,"column":6}},"122":{"start":{"line":123,"column":0},"end":{"line":123,"column":49}},"123":{"start":{"line":124,"column":0},"end":{"line":124,"column":36}},"125":{"start":{"line":126,"column":0},"end":{"line":126,"column":27}},"126":{"start":{"line":127,"column":0},"end":{"line":127,"column":68}},"127":{"start":{"line":128,"column":0},"end":{"line":128,"column":8}},"128":{"start":{"line":129,"column":0},"end":{"line":129,"column":6}},"130":{"start":{"line":131,"column":0},"end":{"line":131,"column":50}},"131":{"start":{"line":132,"column":0},"end":{"line":132,"column":36}},"133":{"start":{"line":134,"column":0},"end":{"line":134,"column":27}},"134":{"start":{"line":135,"column":0},"end":{"line":135,"column":67}},"135":{"start":{"line":136,"column":0},"end":{"line":136,"column":8}},"136":{"start":{"line":137,"column":0},"end":{"line":137,"column":6}},"138":{"start":{"line":139,"column":0},"end":{"line":139,"column":49}},"139":{"start":{"line":140,"column":0},"end":{"line":140,"column":58}},"141":{"start":{"line":142,"column":0},"end":{"line":142,"column":27}},"143":{"start":{"line":144,"column":0},"end":{"line":144,"column":75}},"144":{"start":{"line":145,"column":0},"end":{"line":145,"column":54}},"145":{"start":{"line":146,"column":0},"end":{"line":146,"column":8}},"146":{"start":{"line":147,"column":0},"end":{"line":147,"column":6}},"148":{"start":{"line":149,"column":0},"end":{"line":149,"column":64}},"149":{"start":{"line":150,"column":0},"end":{"line":150,"column":36}},"151":{"start":{"line":152,"column":0},"end":{"line":152,"column":27}},"152":{"start":{"line":153,"column":0},"end":{"line":153,"column":55}},"153":{"start":{"line":154,"column":0},"end":{"line":154,"column":67}},"154":{"start":{"line":155,"column":0},"end":{"line":155,"column":58}},"155":{"start":{"line":156,"column":0},"end":{"line":156,"column":8}},"156":{"start":{"line":157,"column":0},"end":{"line":157,"column":6}},"157":{"start":{"line":158,"column":0},"end":{"line":158,"column":4}},"159":{"start":{"line":160,"column":0},"end":{"line":160,"column":39}},"160":{"start":{"line":161,"column":0},"end":{"line":161,"column":47}},"161":{"start":{"line":162,"column":0},"end":{"line":162,"column":36}},"163":{"start":{"line":164,"column":0},"end":{"line":164,"column":27}},"164":{"start":{"line":165,"column":0},"end":{"line":165,"column":76}},"165":{"start":{"line":166,"column":0},"end":{"line":166,"column":48}},"166":{"start":{"line":167,"column":0},"end":{"line":167,"column":8}},"167":{"start":{"line":168,"column":0},"end":{"line":168,"column":6}},"169":{"start":{"line":170,"column":0},"end":{"line":170,"column":52}},"170":{"start":{"line":171,"column":0},"end":{"line":171,"column":36}},"172":{"start":{"line":173,"column":0},"end":{"line":173,"column":27}},"173":{"start":{"line":174,"column":0},"end":{"line":174,"column":57}},"174":{"start":{"line":175,"column":0},"end":{"line":175,"column":8}},"175":{"start":{"line":176,"column":0},"end":{"line":176,"column":6}},"177":{"start":{"line":178,"column":0},"end":{"line":178,"column":52}},"178":{"start":{"line":179,"column":0},"end":{"line":179,"column":36}},"180":{"start":{"line":181,"column":0},"end":{"line":181,"column":27}},"181":{"start":{"line":182,"column":0},"end":{"line":182,"column":57}},"182":{"start":{"line":183,"column":0},"end":{"line":183,"column":8}},"183":{"start":{"line":184,"column":0},"end":{"line":184,"column":6}},"185":{"start":{"line":186,"column":0},"end":{"line":186,"column":60}},"186":{"start":{"line":187,"column":0},"end":{"line":187,"column":36}},"188":{"start":{"line":189,"column":0},"end":{"line":189,"column":27}},"189":{"start":{"line":190,"column":0},"end":{"line":190,"column":57}},"190":{"start":{"line":191,"column":0},"end":{"line":191,"column":8}},"192":{"start":{"line":193,"column":0},"end":{"line":193,"column":44}},"194":{"start":{"line":195,"column":0},"end":{"line":195,"column":27}},"195":{"start":{"line":196,"column":0},"end":{"line":196,"column":57}},"196":{"start":{"line":197,"column":0},"end":{"line":197,"column":8}},"197":{"start":{"line":198,"column":0},"end":{"line":198,"column":6}},"198":{"start":{"line":199,"column":0},"end":{"line":199,"column":4}},"200":{"start":{"line":201,"column":0},"end":{"line":201,"column":42}},"201":{"start":{"line":202,"column":0},"end":{"line":202,"column":49}},"202":{"start":{"line":203,"column":0},"end":{"line":203,"column":36}},"204":{"start":{"line":205,"column":0},"end":{"line":205,"column":27}},"205":{"start":{"line":206,"column":0},"end":{"line":206,"column":62}},"206":{"start":{"line":207,"column":0},"end":{"line":207,"column":8}},"207":{"start":{"line":208,"column":0},"end":{"line":208,"column":6}},"209":{"start":{"line":210,"column":0},"end":{"line":210,"column":51}},"210":{"start":{"line":211,"column":0},"end":{"line":211,"column":36}},"212":{"start":{"line":213,"column":0},"end":{"line":213,"column":27}},"213":{"start":{"line":214,"column":0},"end":{"line":214,"column":62}},"214":{"start":{"line":215,"column":0},"end":{"line":215,"column":8}},"216":{"start":{"line":217,"column":0},"end":{"line":217,"column":49}},"218":{"start":{"line":219,"column":0},"end":{"line":219,"column":27}},"219":{"start":{"line":220,"column":0},"end":{"line":220,"column":74}},"220":{"start":{"line":221,"column":0},"end":{"line":221,"column":8}},"221":{"start":{"line":222,"column":0},"end":{"line":222,"column":6}},"222":{"start":{"line":223,"column":0},"end":{"line":223,"column":4}},"224":{"start":{"line":225,"column":0},"end":{"line":225,"column":38}},"225":{"start":{"line":226,"column":0},"end":{"line":226,"column":49}},"226":{"start":{"line":227,"column":0},"end":{"line":227,"column":36}},"228":{"start":{"line":229,"column":0},"end":{"line":229,"column":27}},"229":{"start":{"line":230,"column":0},"end":{"line":230,"column":60}},"230":{"start":{"line":231,"column":0},"end":{"line":231,"column":8}},"231":{"start":{"line":232,"column":0},"end":{"line":232,"column":6}},"233":{"start":{"line":234,"column":0},"end":{"line":234,"column":47}},"234":{"start":{"line":235,"column":0},"end":{"line":235,"column":36}},"236":{"start":{"line":237,"column":0},"end":{"line":237,"column":27}},"237":{"start":{"line":238,"column":0},"end":{"line":238,"column":61}},"238":{"start":{"line":239,"column":0},"end":{"line":239,"column":8}},"239":{"start":{"line":240,"column":0},"end":{"line":240,"column":6}},"241":{"start":{"line":242,"column":0},"end":{"line":242,"column":52}},"242":{"start":{"line":243,"column":0},"end":{"line":243,"column":36}},"244":{"start":{"line":245,"column":0},"end":{"line":245,"column":27}},"245":{"start":{"line":246,"column":0},"end":{"line":246,"column":55}},"246":{"start":{"line":247,"column":0},"end":{"line":247,"column":58}},"247":{"start":{"line":248,"column":0},"end":{"line":248,"column":49}},"248":{"start":{"line":249,"column":0},"end":{"line":249,"column":8}},"249":{"start":{"line":250,"column":0},"end":{"line":250,"column":6}},"250":{"start":{"line":251,"column":0},"end":{"line":251,"column":4}},"252":{"start":{"line":253,"column":0},"end":{"line":253,"column":28}},"253":{"start":{"line":254,"column":0},"end":{"line":254,"column":44}},"254":{"start":{"line":255,"column":0},"end":{"line":255,"column":36}},"256":{"start":{"line":257,"column":0},"end":{"line":257,"column":27}},"257":{"start":{"line":258,"column":0},"end":{"line":258,"column":64}},"258":{"start":{"line":259,"column":0},"end":{"line":259,"column":8}},"259":{"start":{"line":260,"column":0},"end":{"line":260,"column":6}},"261":{"start":{"line":262,"column":0},"end":{"line":262,"column":52}},"262":{"start":{"line":263,"column":0},"end":{"line":263,"column":36}},"264":{"start":{"line":265,"column":0},"end":{"line":265,"column":27}},"265":{"start":{"line":266,"column":0},"end":{"line":266,"column":87}},"266":{"start":{"line":267,"column":0},"end":{"line":267,"column":8}},"267":{"start":{"line":268,"column":0},"end":{"line":268,"column":6}},"269":{"start":{"line":270,"column":0},"end":{"line":270,"column":49}},"270":{"start":{"line":271,"column":0},"end":{"line":271,"column":36}},"272":{"start":{"line":273,"column":0},"end":{"line":273,"column":27}},"273":{"start":{"line":274,"column":0},"end":{"line":274,"column":64}},"274":{"start":{"line":275,"column":0},"end":{"line":275,"column":8}},"275":{"start":{"line":276,"column":0},"end":{"line":276,"column":6}},"277":{"start":{"line":278,"column":0},"end":{"line":278,"column":57}},"278":{"start":{"line":279,"column":0},"end":{"line":279,"column":36}},"280":{"start":{"line":281,"column":0},"end":{"line":281,"column":27}},"281":{"start":{"line":282,"column":0},"end":{"line":282,"column":70}},"282":{"start":{"line":283,"column":0},"end":{"line":283,"column":68}},"283":{"start":{"line":284,"column":0},"end":{"line":284,"column":8}},"284":{"start":{"line":285,"column":0},"end":{"line":285,"column":6}},"285":{"start":{"line":286,"column":0},"end":{"line":286,"column":4}},"287":{"start":{"line":288,"column":0},"end":{"line":288,"column":41}},"288":{"start":{"line":289,"column":0},"end":{"line":289,"column":58}},"289":{"start":{"line":290,"column":0},"end":{"line":290,"column":36}},"291":{"start":{"line":292,"column":0},"end":{"line":292,"column":27}},"292":{"start":{"line":293,"column":0},"end":{"line":293,"column":53}},"293":{"start":{"line":294,"column":0},"end":{"line":294,"column":49}},"294":{"start":{"line":295,"column":0},"end":{"line":295,"column":8}},"295":{"start":{"line":296,"column":0},"end":{"line":296,"column":6}},"296":{"start":{"line":297,"column":0},"end":{"line":297,"column":4}},"298":{"start":{"line":299,"column":0},"end":{"line":299,"column":30}},"299":{"start":{"line":300,"column":0},"end":{"line":300,"column":54}},"300":{"start":{"line":301,"column":0},"end":{"line":301,"column":58}},"302":{"start":{"line":303,"column":0},"end":{"line":303,"column":27}},"303":{"start":{"line":304,"column":0},"end":{"line":304,"column":71}},"304":{"start":{"line":305,"column":0},"end":{"line":305,"column":37}},"305":{"start":{"line":306,"column":0},"end":{"line":306,"column":8}},"306":{"start":{"line":307,"column":0},"end":{"line":307,"column":6}},"307":{"start":{"line":308,"column":0},"end":{"line":308,"column":4}},"308":{"start":{"line":309,"column":0},"end":{"line":309,"column":2}}},"s":{"0":1,"1":1,"2":1,"3":1,"4":1,"6":1,"9":1,"12":20,"13":20,"15":20,"16":20,"17":20,"18":20,"19":20,"20":20,"21":20,"22":20,"23":20,"24":20,"25":20,"26":20,"27":20,"29":20,"30":20,"33":2,"34":2,"35":2,"36":2,"37":2,"38":2,"39":2,"42":21,"43":21,"45":21,"46":20,"47":20,"48":20,"49":20,"50":20,"51":20,"52":20,"53":20,"54":20,"55":20,"57":1,"58":1,"59":1,"60":1,"61":1,"62":1,"63":1,"64":1,"66":1,"67":1,"68":23,"69":23,"70":1,"72":1,"73":1,"74":1,"75":1,"76":1,"77":1,"79":1,"80":1,"81":1,"82":1,"83":1,"84":1,"85":1,"86":1,"87":1,"88":1,"90":1,"91":1,"92":1,"93":1,"95":1,"96":1,"97":1,"98":1,"99":1,"100":1,"101":1,"102":1,"103":1,"105":1,"106":1,"107":1,"108":1,"109":1,"111":1,"112":1,"113":1,"115":1,"116":1,"117":1,"118":1,"119":1,"120":1,"122":1,"123":1,"125":1,"126":1,"127":1,"128":1,"130":1,"131":1,"133":1,"134":1,"135":1,"136":1,"138":1,"139":1,"141":1,"143":1,"144":1,"145":1,"146":1,"148":1,"149":1,"151":1,"152":1,"153":1,"154":1,"155":1,"156":1,"157":1,"159":1,"160":1,"161":1,"163":1,"164":1,"165":1,"166":1,"167":1,"169":1,"170":1,"172":1,"173":1,"174":1,"175":1,"177":1,"178":1,"180":1,"181":1,"182":1,"183":1,"185":1,"186":1,"188":1,"189":1,"190":1,"192":1,"194":1,"195":1,"196":1,"197":1,"198":1,"200":1,"201":1,"202":1,"204":1,"205":1,"206":1,"207":1,"209":1,"210":1,"212":1,"213":1,"214":1,"216":1,"218":1,"219":1,"220":1,"221":1,"222":1,"224":1,"225":1,"226":1,"228":1,"229":1,"230":1,"231":1,"233":1,"234":1,"236":1,"237":1,"238":1,"239":1,"241":1,"242":1,"244":1,"245":1,"246":1,"247":1,"248":1,"249":1,"250":1,"252":1,"253":1,"254":1,"256":1,"257":1,"258":1,"259":1,"261":1,"262":1,"264":1,"265":1,"266":1,"267":1,"269":1,"270":1,"272":1,"273":1,"274":1,"275":1,"277":1,"278":1,"280":1,"281":1,"282":1,"283":1,"284":1,"285":1,"287":1,"288":1,"289":1,"291":1,"292":1,"293":1,"294":1,"295":1,"296":1,"298":1,"299":1,"300":1,"302":1,"303":1,"304":1,"305":1,"306":1,"307":1,"308":1},"branchMap":{"0":{"type":"branch","line":13,"loc":{"start":{"line":13,"column":0},"end":{"line":31,"column":1}},"locations":[{"start":{"line":13,"column":0},"end":{"line":31,"column":1}}]},"1":{"type":"branch","line":16,"loc":{"start":{"line":16,"column":12},"end":{"line":28,"column":5}},"locations":[{"start":{"line":16,"column":12},"end":{"line":28,"column":5}}]},"2":{"type":"branch","line":34,"loc":{"start":{"line":34,"column":0},"end":{"line":40,"column":1}},"locations":[{"start":{"line":34,"column":0},"end":{"line":40,"column":1}}]},"3":{"type":"branch","line":36,"loc":{"start":{"line":36,"column":12},"end":{"line":38,"column":5}},"locations":[{"start":{"line":36,"column":12},"end":{"line":38,"column":5}}]},"4":{"type":"branch","line":43,"loc":{"start":{"line":43,"column":0},"end":{"line":65,"column":1}},"locations":[{"start":{"line":43,"column":0},"end":{"line":65,"column":1}}]},"5":{"type":"branch","line":46,"loc":{"start":{"line":46,"column":16},"end":{"line":56,"column":3}},"locations":[{"start":{"line":46,"column":16},"end":{"line":56,"column":3}}]},"6":{"type":"branch","line":56,"loc":{"start":{"line":56,"column":2},"end":{"line":65,"column":1}},"locations":[{"start":{"line":56,"column":2},"end":{"line":65,"column":1}}]},"7":{"type":"branch","line":67,"loc":{"start":{"line":67,"column":17},"end":{"line":309,"column":2}},"locations":[{"start":{"line":67,"column":17},"end":{"line":309,"column":2}}]},"8":{"type":"branch","line":68,"loc":{"start":{"line":68,"column":13},"end":{"line":71,"column":3}},"locations":[{"start":{"line":68,"column":13},"end":{"line":71,"column":3}}]},"9":{"type":"branch","line":73,"loc":{"start":{"line":73,"column":27},"end":{"line":78,"column":3}},"locations":[{"start":{"line":73,"column":27},"end":{"line":78,"column":3}}]},"10":{"type":"branch","line":74,"loc":{"start":{"line":74,"column":48},"end":{"line":77,"column":5}},"locations":[{"start":{"line":74,"column":48},"end":{"line":77,"column":5}}]},"11":{"type":"branch","line":80,"loc":{"start":{"line":80,"column":26},"end":{"line":110,"column":3}},"locations":[{"start":{"line":80,"column":26},"end":{"line":110,"column":3}}]},"12":{"type":"branch","line":81,"loc":{"start":{"line":81,"column":70},"end":{"line":94,"column":5}},"locations":[{"start":{"line":81,"column":70},"end":{"line":94,"column":5}}]},"13":{"type":"branch","line":91,"loc":{"start":{"line":91,"column":20},"end":{"line":93,"column":7}},"locations":[{"start":{"line":91,"column":20},"end":{"line":93,"column":7}}]},"14":{"type":"branch","line":96,"loc":{"start":{"line":96,"column":41},"end":{"line":109,"column":5}},"locations":[{"start":{"line":96,"column":41},"end":{"line":109,"column":5}}]},"15":{"type":"branch","line":106,"loc":{"start":{"line":106,"column":20},"end":{"line":108,"column":7}},"locations":[{"start":{"line":106,"column":20},"end":{"line":108,"column":7}}]},"16":{"type":"branch","line":112,"loc":{"start":{"line":112,"column":25},"end":{"line":158,"column":3}},"locations":[{"start":{"line":112,"column":25},"end":{"line":158,"column":3}}]},"17":{"type":"branch","line":113,"loc":{"start":{"line":113,"column":46},"end":{"line":121,"column":5}},"locations":[{"start":{"line":113,"column":46},"end":{"line":121,"column":5}}]},"18":{"type":"branch","line":116,"loc":{"start":{"line":116,"column":20},"end":{"line":120,"column":7}},"locations":[{"start":{"line":116,"column":20},"end":{"line":120,"column":7}}]},"19":{"type":"branch","line":123,"loc":{"start":{"line":123,"column":36},"end":{"line":129,"column":5}},"locations":[{"start":{"line":123,"column":36},"end":{"line":129,"column":5}}]},"20":{"type":"branch","line":126,"loc":{"start":{"line":126,"column":20},"end":{"line":128,"column":7}},"locations":[{"start":{"line":126,"column":20},"end":{"line":128,"column":7}}]},"21":{"type":"branch","line":131,"loc":{"start":{"line":131,"column":37},"end":{"line":137,"column":5}},"locations":[{"start":{"line":131,"column":37},"end":{"line":137,"column":5}}]},"22":{"type":"branch","line":134,"loc":{"start":{"line":134,"column":20},"end":{"line":136,"column":7}},"locations":[{"start":{"line":134,"column":20},"end":{"line":136,"column":7}}]},"23":{"type":"branch","line":139,"loc":{"start":{"line":139,"column":36},"end":{"line":147,"column":5}},"locations":[{"start":{"line":139,"column":36},"end":{"line":147,"column":5}}]},"24":{"type":"branch","line":142,"loc":{"start":{"line":142,"column":20},"end":{"line":146,"column":7}},"locations":[{"start":{"line":142,"column":20},"end":{"line":146,"column":7}}]},"25":{"type":"branch","line":149,"loc":{"start":{"line":149,"column":51},"end":{"line":157,"column":5}},"locations":[{"start":{"line":149,"column":51},"end":{"line":157,"column":5}}]},"26":{"type":"branch","line":152,"loc":{"start":{"line":152,"column":20},"end":{"line":156,"column":7}},"locations":[{"start":{"line":152,"column":20},"end":{"line":156,"column":7}}]},"27":{"type":"branch","line":160,"loc":{"start":{"line":160,"column":32},"end":{"line":199,"column":3}},"locations":[{"start":{"line":160,"column":32},"end":{"line":199,"column":3}}]},"28":{"type":"branch","line":161,"loc":{"start":{"line":161,"column":34},"end":{"line":168,"column":5}},"locations":[{"start":{"line":161,"column":34},"end":{"line":168,"column":5}}]},"29":{"type":"branch","line":164,"loc":{"start":{"line":164,"column":20},"end":{"line":167,"column":7}},"locations":[{"start":{"line":164,"column":20},"end":{"line":167,"column":7}}]},"30":{"type":"branch","line":170,"loc":{"start":{"line":170,"column":39},"end":{"line":176,"column":5}},"locations":[{"start":{"line":170,"column":39},"end":{"line":176,"column":5}}]},"31":{"type":"branch","line":173,"loc":{"start":{"line":173,"column":20},"end":{"line":175,"column":7}},"locations":[{"start":{"line":173,"column":20},"end":{"line":175,"column":7}}]},"32":{"type":"branch","line":178,"loc":{"start":{"line":178,"column":39},"end":{"line":184,"column":5}},"locations":[{"start":{"line":178,"column":39},"end":{"line":184,"column":5}}]},"33":{"type":"branch","line":181,"loc":{"start":{"line":181,"column":20},"end":{"line":183,"column":7}},"locations":[{"start":{"line":181,"column":20},"end":{"line":183,"column":7}}]},"34":{"type":"branch","line":186,"loc":{"start":{"line":186,"column":47},"end":{"line":198,"column":5}},"locations":[{"start":{"line":186,"column":47},"end":{"line":198,"column":5}}]},"35":{"type":"branch","line":189,"loc":{"start":{"line":189,"column":20},"end":{"line":191,"column":7}},"locations":[{"start":{"line":189,"column":20},"end":{"line":191,"column":7}}]},"36":{"type":"branch","line":195,"loc":{"start":{"line":195,"column":20},"end":{"line":197,"column":7}},"locations":[{"start":{"line":195,"column":20},"end":{"line":197,"column":7}}]},"37":{"type":"branch","line":201,"loc":{"start":{"line":201,"column":35},"end":{"line":223,"column":3}},"locations":[{"start":{"line":201,"column":35},"end":{"line":223,"column":3}}]},"38":{"type":"branch","line":202,"loc":{"start":{"line":202,"column":36},"end":{"line":208,"column":5}},"locations":[{"start":{"line":202,"column":36},"end":{"line":208,"column":5}}]},"39":{"type":"branch","line":205,"loc":{"start":{"line":205,"column":20},"end":{"line":207,"column":7}},"locations":[{"start":{"line":205,"column":20},"end":{"line":207,"column":7}}]},"40":{"type":"branch","line":210,"loc":{"start":{"line":210,"column":38},"end":{"line":222,"column":5}},"locations":[{"start":{"line":210,"column":38},"end":{"line":222,"column":5}}]},"41":{"type":"branch","line":213,"loc":{"start":{"line":213,"column":20},"end":{"line":215,"column":7}},"locations":[{"start":{"line":213,"column":20},"end":{"line":215,"column":7}}]},"42":{"type":"branch","line":219,"loc":{"start":{"line":219,"column":20},"end":{"line":221,"column":7}},"locations":[{"start":{"line":219,"column":20},"end":{"line":221,"column":7}}]},"43":{"type":"branch","line":225,"loc":{"start":{"line":225,"column":31},"end":{"line":251,"column":3}},"locations":[{"start":{"line":225,"column":31},"end":{"line":251,"column":3}}]},"44":{"type":"branch","line":226,"loc":{"start":{"line":226,"column":36},"end":{"line":232,"column":5}},"locations":[{"start":{"line":226,"column":36},"end":{"line":232,"column":5}}]},"45":{"type":"branch","line":229,"loc":{"start":{"line":229,"column":20},"end":{"line":231,"column":7}},"locations":[{"start":{"line":229,"column":20},"end":{"line":231,"column":7}}]},"46":{"type":"branch","line":234,"loc":{"start":{"line":234,"column":34},"end":{"line":240,"column":5}},"locations":[{"start":{"line":234,"column":34},"end":{"line":240,"column":5}}]},"47":{"type":"branch","line":237,"loc":{"start":{"line":237,"column":20},"end":{"line":239,"column":7}},"locations":[{"start":{"line":237,"column":20},"end":{"line":239,"column":7}}]},"48":{"type":"branch","line":242,"loc":{"start":{"line":242,"column":39},"end":{"line":250,"column":5}},"locations":[{"start":{"line":242,"column":39},"end":{"line":250,"column":5}}]},"49":{"type":"branch","line":245,"loc":{"start":{"line":245,"column":20},"end":{"line":249,"column":7}},"locations":[{"start":{"line":245,"column":20},"end":{"line":249,"column":7}}]},"50":{"type":"branch","line":253,"loc":{"start":{"line":253,"column":21},"end":{"line":286,"column":3}},"locations":[{"start":{"line":253,"column":21},"end":{"line":286,"column":3}}]},"51":{"type":"branch","line":254,"loc":{"start":{"line":254,"column":31},"end":{"line":260,"column":5}},"locations":[{"start":{"line":254,"column":31},"end":{"line":260,"column":5}}]},"52":{"type":"branch","line":257,"loc":{"start":{"line":257,"column":20},"end":{"line":259,"column":7}},"locations":[{"start":{"line":257,"column":20},"end":{"line":259,"column":7}}]},"53":{"type":"branch","line":262,"loc":{"start":{"line":262,"column":39},"end":{"line":268,"column":5}},"locations":[{"start":{"line":262,"column":39},"end":{"line":268,"column":5}}]},"54":{"type":"branch","line":265,"loc":{"start":{"line":265,"column":20},"end":{"line":267,"column":7}},"locations":[{"start":{"line":265,"column":20},"end":{"line":267,"column":7}}]},"55":{"type":"branch","line":270,"loc":{"start":{"line":270,"column":36},"end":{"line":276,"column":5}},"locations":[{"start":{"line":270,"column":36},"end":{"line":276,"column":5}}]},"56":{"type":"branch","line":273,"loc":{"start":{"line":273,"column":20},"end":{"line":275,"column":7}},"locations":[{"start":{"line":273,"column":20},"end":{"line":275,"column":7}}]},"57":{"type":"branch","line":278,"loc":{"start":{"line":278,"column":44},"end":{"line":285,"column":5}},"locations":[{"start":{"line":278,"column":44},"end":{"line":285,"column":5}}]},"58":{"type":"branch","line":281,"loc":{"start":{"line":281,"column":20},"end":{"line":284,"column":7}},"locations":[{"start":{"line":281,"column":20},"end":{"line":284,"column":7}}]},"59":{"type":"branch","line":288,"loc":{"start":{"line":288,"column":34},"end":{"line":297,"column":3}},"locations":[{"start":{"line":288,"column":34},"end":{"line":297,"column":3}}]},"60":{"type":"branch","line":289,"loc":{"start":{"line":289,"column":45},"end":{"line":296,"column":5}},"locations":[{"start":{"line":289,"column":45},"end":{"line":296,"column":5}}]},"61":{"type":"branch","line":292,"loc":{"start":{"line":292,"column":20},"end":{"line":295,"column":7}},"locations":[{"start":{"line":292,"column":20},"end":{"line":295,"column":7}}]},"62":{"type":"branch","line":299,"loc":{"start":{"line":299,"column":23},"end":{"line":308,"column":3}},"locations":[{"start":{"line":299,"column":23},"end":{"line":308,"column":3}}]},"63":{"type":"branch","line":300,"loc":{"start":{"line":300,"column":41},"end":{"line":307,"column":5}},"locations":[{"start":{"line":300,"column":41},"end":{"line":307,"column":5}}]},"64":{"type":"branch","line":303,"loc":{"start":{"line":303,"column":20},"end":{"line":306,"column":7}},"locations":[{"start":{"line":303,"column":20},"end":{"line":306,"column":7}}]}},"b":{"0":[20],"1":[20],"2":[2],"3":[2],"4":[21],"5":[20],"6":[1],"7":[1],"8":[23],"9":[1],"10":[1],"11":[1],"12":[1],"13":[1],"14":[1],"15":[1],"16":[1],"17":[1],"18":[1],"19":[1],"20":[1],"21":[1],"22":[1],"23":[1],"24":[1],"25":[1],"26":[1],"27":[1],"28":[1],"29":[1],"30":[1],"31":[1],"32":[1],"33":[1],"34":[1],"35":[1],"36":[1],"37":[1],"38":[1],"39":[1],"40":[1],"41":[1],"42":[1],"43":[1],"44":[1],"45":[1],"46":[1],"47":[1],"48":[1],"49":[1],"50":[1],"51":[1],"52":[1],"53":[1],"54":[1],"55":[1],"56":[1],"57":[1],"58":[1],"59":[1],"60":[1],"61":[1],"62":[1],"63":[1],"64":[1]},"fnMap":{"0":{"name":"CartWithItem","decl":{"start":{"line":13,"column":0},"end":{"line":31,"column":1}},"loc":{"start":{"line":13,"column":0},"end":{"line":31,"column":1}},"line":13},"1":{"name":"OpenCartHelper","decl":{"start":{"line":34,"column":0},"end":{"line":40,"column":1}},"loc":{"start":{"line":34,"column":0},"end":{"line":40,"column":1}},"line":34},"2":{"name":"renderCart","decl":{"start":{"line":43,"column":0},"end":{"line":65,"column":1}},"loc":{"start":{"line":43,"column":0},"end":{"line":65,"column":1}},"line":43}},"f":{"0":20,"1":2,"2":21}}
,"C:\\xampp\\htdocs\\SMITHSONIAN-CLAUDE-AUTOMATED\\smithsonian-art-store\\gallery-store\\src\\components\\cart\\Cart.tsx": {"path":"C:\\xampp\\htdocs\\SMITHSONIAN-CLAUDE-AUTOMATED\\smithsonian-art-store\\gallery-store\\src\\components\\cart\\Cart.tsx","all":false,"statementMap":{"0":{"start":{"line":1,"column":0},"end":{"line":1,"column":39}},"6":{"start":{"line":7,"column":0},"end":{"line":7,"column":32}},"7":{"start":{"line":8,"column":0},"end":{"line":8,"column":44}},"8":{"start":{"line":9,"column":0},"end":{"line":9,"column":36}},"10":{"start":{"line":11,"column":0},"end":{"line":11,"column":26}},"13":{"start":{"line":14,"column":0},"end":{"line":14,"column":89}},"14":{"start":{"line":15,"column":0},"end":{"line":15,"column":37}},"17":{"start":{"line":18,"column":0},"end":{"line":18,"column":56}},"20":{"start":{"line":21,"column":0},"end":{"line":21,"column":43}},"21":{"start":{"line":22,"column":0},"end":{"line":22,"column":16}},"22":{"start":{"line":23,"column":0},"end":{"line":23,"column":25}},"23":{"start":{"line":24,"column":0},"end":{"line":24,"column":18}},"24":{"start":{"line":25,"column":0},"end":{"line":25,"column":36}},"25":{"start":{"line":26,"column":0},"end":{"line":26,"column":28}},"26":{"start":{"line":27,"column":0},"end":{"line":27,"column":30}},"27":{"start":{"line":28,"column":0},"end":{"line":28,"column":28}},"28":{"start":{"line":29,"column":0},"end":{"line":29,"column":30}},"29":{"start":{"line":30,"column":0},"end":{"line":30,"column":27}},"30":{"start":{"line":31,"column":0},"end":{"line":31,"column":9}},"31":{"start":{"line":32,"column":0},"end":{"line":32,"column":8}},"32":{"start":{"line":33,"column":0},"end":{"line":33,"column":5}},"33":{"start":{"line":34,"column":0},"end":{"line":34,"column":3}},"35":{"start":{"line":36,"column":0},"end":{"line":36,"column":10}},"36":{"start":{"line":37,"column":0},"end":{"line":37,"column":6}},"38":{"start":{"line":39,"column":0},"end":{"line":39,"column":11}},"39":{"start":{"line":40,"column":0},"end":{"line":40,"column":50}},"40":{"start":{"line":41,"column":0},"end":{"line":41,"column":57}},"41":{"start":{"line":42,"column":0},"end":{"line":42,"column":8}},"44":{"start":{"line":45,"column":0},"end":{"line":45,"column":105}},"46":{"start":{"line":47,"column":0},"end":{"line":47,"column":94}},"47":{"start":{"line":48,"column":0},"end":{"line":48,"column":62}},"48":{"start":{"line":49,"column":0},"end":{"line":49,"column":33}},"49":{"start":{"line":50,"column":0},"end":{"line":50,"column":15}},"50":{"start":{"line":51,"column":0},"end":{"line":51,"column":17}},"51":{"start":{"line":52,"column":0},"end":{"line":52,"column":61}},"52":{"start":{"line":53,"column":0},"end":{"line":53,"column":88}},"54":{"start":{"line":55,"column":0},"end":{"line":55,"column":91}},"55":{"start":{"line":56,"column":0},"end":{"line":56,"column":108}},"56":{"start":{"line":57,"column":0},"end":{"line":57,"column":18}},"57":{"start":{"line":58,"column":0},"end":{"line":58,"column":19}},"58":{"start":{"line":59,"column":0},"end":{"line":59,"column":14}},"61":{"start":{"line":62,"column":0},"end":{"line":62,"column":69}},"62":{"start":{"line":63,"column":0},"end":{"line":63,"column":33}},"63":{"start":{"line":64,"column":0},"end":{"line":64,"column":47}},"64":{"start":{"line":65,"column":0},"end":{"line":65,"column":112}},"65":{"start":{"line":66,"column":0},"end":{"line":66,"column":109}},"66":{"start":{"line":67,"column":0},"end":{"line":67,"column":136}},"67":{"start":{"line":68,"column":0},"end":{"line":68,"column":22}},"68":{"start":{"line":69,"column":0},"end":{"line":69,"column":20}},"69":{"start":{"line":70,"column":0},"end":{"line":70,"column":60}},"71":{"start":{"line":72,"column":0},"end":{"line":72,"column":18}},"72":{"start":{"line":73,"column":0},"end":{"line":73,"column":51}},"74":{"start":{"line":75,"column":0},"end":{"line":75,"column":18}},"75":{"start":{"line":76,"column":0},"end":{"line":76,"column":18}},"77":{"start":{"line":78,"column":0},"end":{"line":78,"column":39}},"78":{"start":{"line":79,"column":0},"end":{"line":79,"column":34}},"79":{"start":{"line":80,"column":0},"end":{"line":80,"column":76}},"82":{"start":{"line":83,"column":0},"end":{"line":83,"column":58}},"83":{"start":{"line":84,"column":0},"end":{"line":84,"column":28}},"84":{"start":{"line":85,"column":0},"end":{"line":85,"column":39}},"85":{"start":{"line":86,"column":0},"end":{"line":86,"column":38}},"86":{"start":{"line":87,"column":0},"end":{"line":87,"column":40}},"87":{"start":{"line":88,"column":0},"end":{"line":88,"column":38}},"88":{"start":{"line":89,"column":0},"end":{"line":89,"column":29}},"89":{"start":{"line":90,"column":0},"end":{"line":90,"column":31}},"90":{"start":{"line":91,"column":0},"end":{"line":91,"column":31}},"91":{"start":{"line":92,"column":0},"end":{"line":92,"column":36}},"92":{"start":{"line":93,"column":0},"end":{"line":93,"column":28}},"93":{"start":{"line":94,"column":0},"end":{"line":94,"column":20}},"94":{"start":{"line":95,"column":0},"end":{"line":95,"column":46}},"95":{"start":{"line":96,"column":0},"end":{"line":96,"column":47}},"96":{"start":{"line":97,"column":0},"end":{"line":97,"column":17}},"98":{"start":{"line":99,"column":0},"end":{"line":99,"column":24}},"99":{"start":{"line":100,"column":0},"end":{"line":100,"column":23}},"100":{"start":{"line":101,"column":0},"end":{"line":101,"column":35}},"101":{"start":{"line":102,"column":0},"end":{"line":102,"column":55}},"103":{"start":{"line":104,"column":0},"end":{"line":104,"column":48}},"105":{"start":{"line":106,"column":0},"end":{"line":106,"column":27}},"106":{"start":{"line":107,"column":0},"end":{"line":107,"column":77}},"107":{"start":{"line":108,"column":0},"end":{"line":108,"column":44}},"108":{"start":{"line":109,"column":0},"end":{"line":109,"column":73}},"109":{"start":{"line":110,"column":0},"end":{"line":110,"column":134}},"110":{"start":{"line":111,"column":0},"end":{"line":111,"column":33}},"111":{"start":{"line":112,"column":0},"end":{"line":112,"column":79}},"112":{"start":{"line":113,"column":0},"end":{"line":113,"column":68}},"113":{"start":{"line":114,"column":0},"end":{"line":114,"column":26}},"115":{"start":{"line":116,"column":0},"end":{"line":116,"column":28}},"116":{"start":{"line":117,"column":0},"end":{"line":117,"column":64}},"117":{"start":{"line":118,"column":0},"end":{"line":118,"column":42}},"118":{"start":{"line":119,"column":0},"end":{"line":119,"column":64}},"119":{"start":{"line":120,"column":0},"end":{"line":120,"column":26}},"120":{"start":{"line":121,"column":0},"end":{"line":121,"column":29}},"122":{"start":{"line":123,"column":0},"end":{"line":123,"column":54}},"124":{"start":{"line":125,"column":0},"end":{"line":125,"column":29}},"125":{"start":{"line":126,"column":0},"end":{"line":126,"column":79}},"126":{"start":{"line":127,"column":0},"end":{"line":127,"column":46}},"127":{"start":{"line":128,"column":0},"end":{"line":128,"column":75}},"128":{"start":{"line":129,"column":0},"end":{"line":129,"column":59}},"130":{"start":{"line":131,"column":0},"end":{"line":131,"column":103}},"131":{"start":{"line":132,"column":0},"end":{"line":132,"column":40}},"132":{"start":{"line":133,"column":0},"end":{"line":133,"column":31}},"133":{"start":{"line":134,"column":0},"end":{"line":134,"column":31}},"134":{"start":{"line":135,"column":0},"end":{"line":135,"column":68}},"135":{"start":{"line":136,"column":0},"end":{"line":136,"column":39}},"136":{"start":{"line":137,"column":0},"end":{"line":137,"column":28}},"137":{"start":{"line":138,"column":0},"end":{"line":138,"column":28}},"140":{"start":{"line":141,"column":0},"end":{"line":141,"column":94}},"141":{"start":{"line":142,"column":0},"end":{"line":142,"column":53}},"142":{"start":{"line":143,"column":0},"end":{"line":143,"column":29}},"143":{"start":{"line":144,"column":0},"end":{"line":144,"column":26}},"146":{"start":{"line":147,"column":0},"end":{"line":147,"column":65}},"148":{"start":{"line":149,"column":0},"end":{"line":149,"column":27}},"149":{"start":{"line":150,"column":0},"end":{"line":150,"column":76}},"151":{"start":{"line":152,"column":0},"end":{"line":152,"column":32}},"152":{"start":{"line":153,"column":0},"end":{"line":153,"column":31}},"153":{"start":{"line":154,"column":0},"end":{"line":154,"column":45}},"154":{"start":{"line":155,"column":0},"end":{"line":155,"column":98}},"155":{"start":{"line":156,"column":0},"end":{"line":156,"column":136}},"157":{"start":{"line":158,"column":0},"end":{"line":158,"column":46}},"158":{"start":{"line":159,"column":0},"end":{"line":159,"column":66}},"159":{"start":{"line":160,"column":0},"end":{"line":160,"column":61}},"160":{"start":{"line":161,"column":0},"end":{"line":161,"column":37}},"161":{"start":{"line":162,"column":0},"end":{"line":162,"column":29}},"162":{"start":{"line":163,"column":0},"end":{"line":163,"column":33}},"163":{"start":{"line":164,"column":0},"end":{"line":164,"column":28}},"166":{"start":{"line":167,"column":0},"end":{"line":167,"column":27}},"167":{"start":{"line":168,"column":0},"end":{"line":168,"column":100}},"169":{"start":{"line":170,"column":0},"end":{"line":170,"column":32}},"170":{"start":{"line":171,"column":0},"end":{"line":171,"column":91}},"171":{"start":{"line":172,"column":0},"end":{"line":172,"column":76}},"172":{"start":{"line":173,"column":0},"end":{"line":173,"column":28}},"173":{"start":{"line":174,"column":0},"end":{"line":174,"column":32}},"174":{"start":{"line":175,"column":0},"end":{"line":175,"column":31}},"175":{"start":{"line":176,"column":0},"end":{"line":176,"column":46}},"176":{"start":{"line":177,"column":0},"end":{"line":177,"column":97}},"177":{"start":{"line":178,"column":0},"end":{"line":178,"column":136}},"179":{"start":{"line":180,"column":0},"end":{"line":180,"column":54}},"180":{"start":{"line":181,"column":0},"end":{"line":181,"column":80}},"181":{"start":{"line":182,"column":0},"end":{"line":182,"column":112}},"182":{"start":{"line":183,"column":0},"end":{"line":183,"column":37}},"183":{"start":{"line":184,"column":0},"end":{"line":184,"column":29}},"184":{"start":{"line":185,"column":0},"end":{"line":185,"column":33}},"185":{"start":{"line":186,"column":0},"end":{"line":186,"column":28}},"186":{"start":{"line":187,"column":0},"end":{"line":187,"column":26}},"189":{"start":{"line":190,"column":0},"end":{"line":190,"column":76}},"190":{"start":{"line":191,"column":0},"end":{"line":191,"column":91}},"191":{"start":{"line":192,"column":0},"end":{"line":192,"column":31}},"192":{"start":{"line":193,"column":0},"end":{"line":193,"column":52}},"193":{"start":{"line":194,"column":0},"end":{"line":194,"column":53}},"194":{"start":{"line":195,"column":0},"end":{"line":195,"column":83}},"195":{"start":{"line":196,"column":0},"end":{"line":196,"column":29}},"196":{"start":{"line":197,"column":0},"end":{"line":197,"column":130}},"197":{"start":{"line":198,"column":0},"end":{"line":198,"column":25}},"199":{"start":{"line":200,"column":0},"end":{"line":200,"column":33}},"200":{"start":{"line":201,"column":0},"end":{"line":201,"column":80}},"201":{"start":{"line":202,"column":0},"end":{"line":202,"column":41}},"202":{"start":{"line":203,"column":0},"end":{"line":203,"column":31}},"203":{"start":{"line":204,"column":0},"end":{"line":204,"column":31}},"204":{"start":{"line":205,"column":0},"end":{"line":205,"column":52}},"205":{"start":{"line":206,"column":0},"end":{"line":206,"column":53}},"206":{"start":{"line":207,"column":0},"end":{"line":207,"column":83}},"207":{"start":{"line":208,"column":0},"end":{"line":208,"column":29}},"208":{"start":{"line":209,"column":0},"end":{"line":209,"column":130}},"209":{"start":{"line":210,"column":0},"end":{"line":210,"column":25}},"211":{"start":{"line":212,"column":0},"end":{"line":212,"column":33}},"212":{"start":{"line":213,"column":0},"end":{"line":213,"column":28}},"215":{"start":{"line":216,"column":0},"end":{"line":216,"column":29}},"216":{"start":{"line":217,"column":0},"end":{"line":217,"column":92}},"217":{"start":{"line":218,"column":0},"end":{"line":218,"column":105}},"218":{"start":{"line":219,"column":0},"end":{"line":219,"column":23}},"220":{"start":{"line":221,"column":0},"end":{"line":221,"column":31}},"221":{"start":{"line":222,"column":0},"end":{"line":222,"column":26}},"222":{"start":{"line":223,"column":0},"end":{"line":223,"column":24}},"224":{"start":{"line":225,"column":0},"end":{"line":225,"column":17}},"225":{"start":{"line":226,"column":0},"end":{"line":226,"column":18}},"227":{"start":{"line":228,"column":0},"end":{"line":228,"column":14}},"230":{"start":{"line":231,"column":0},"end":{"line":231,"column":30}},"231":{"start":{"line":232,"column":0},"end":{"line":232,"column":62}},"232":{"start":{"line":233,"column":0},"end":{"line":233,"column":68}},"233":{"start":{"line":234,"column":0},"end":{"line":234,"column":61}},"234":{"start":{"line":235,"column":0},"end":{"line":235,"column":68}},"235":{"start":{"line":236,"column":0},"end":{"line":236,"column":24}},"236":{"start":{"line":237,"column":0},"end":{"line":237,"column":21}},"237":{"start":{"line":238,"column":0},"end":{"line":238,"column":18}},"239":{"start":{"line":240,"column":0},"end":{"line":240,"column":54}},"241":{"start":{"line":242,"column":0},"end":{"line":242,"column":16}},"243":{"start":{"line":244,"column":0},"end":{"line":244,"column":17}},"244":{"start":{"line":245,"column":0},"end":{"line":245,"column":28}},"245":{"start":{"line":246,"column":0},"end":{"line":246,"column":63}},"246":{"start":{"line":247,"column":0},"end":{"line":247,"column":101}},"247":{"start":{"line":248,"column":0},"end":{"line":248,"column":13}},"249":{"start":{"line":250,"column":0},"end":{"line":250,"column":19}},"250":{"start":{"line":251,"column":0},"end":{"line":251,"column":16}},"252":{"start":{"line":253,"column":0},"end":{"line":253,"column":12}},"253":{"start":{"line":254,"column":0},"end":{"line":254,"column":7}},"255":{"start":{"line":256,"column":0},"end":{"line":256,"column":1}}},"s":{"0":1,"6":49,"7":49,"8":49,"10":49,"13":25,"14":0,"17":0,"20":0,"21":0,"22":0,"23":0,"24":0,"25":0,"26":0,"27":0,"28":0,"29":0,"30":0,"31":0,"32":0,"33":0,"35":25,"36":25,"38":25,"39":25,"40":25,"41":25,"44":25,"46":25,"47":25,"48":25,"49":25,"50":25,"51":25,"52":25,"54":25,"55":25,"56":25,"57":25,"58":25,"61":25,"62":25,"63":3,"64":3,"65":3,"66":3,"67":3,"68":3,"69":3,"71":3,"72":3,"74":3,"75":3,"77":22,"78":22,"79":22,"82":22,"83":22,"84":22,"85":22,"86":22,"87":22,"88":22,"89":22,"90":22,"91":22,"92":22,"93":22,"94":22,"95":22,"96":22,"98":22,"99":22,"100":22,"101":22,"103":22,"105":22,"106":22,"107":22,"108":22,"109":22,"110":22,"111":22,"112":22,"113":22,"115":22,"116":22,"117":22,"118":22,"119":22,"120":22,"122":22,"124":22,"125":22,"126":22,"127":22,"128":22,"130":22,"131":22,"132":22,"133":22,"134":22,"135":22,"136":22,"137":22,"140":22,"141":22,"142":22,"143":22,"146":22,"148":22,"149":22,"151":22,"152":22,"153":22,"154":22,"155":22,"157":22,"158":88,"159":88,"160":88,"161":22,"162":22,"163":22,"166":22,"167":22,"169":22,"170":22,"171":22,"172":22,"173":22,"174":22,"175":22,"176":22,"177":22,"179":22,"180":110,"181":110,"182":110,"183":22,"184":22,"185":22,"186":22,"189":22,"190":22,"191":22,"192":22,"193":0,"194":0,"195":0,"196":22,"197":22,"199":22,"200":22,"201":22,"202":22,"203":22,"204":22,"205":1,"206":1,"207":1,"208":22,"209":22,"211":22,"212":22,"215":22,"216":22,"217":22,"218":22,"220":22,"221":22,"222":22,"224":22,"225":22,"227":49,"230":49,"231":22,"232":22,"233":22,"234":22,"235":22,"236":22,"237":22,"239":22,"241":22,"243":22,"244":22,"245":22,"246":22,"247":22,"249":22,"250":22,"252":49,"253":49,"255":49},"branchMap":{"0":{"type":"branch","line":7,"loc":{"start":{"line":7,"column":0},"end":{"line":256,"column":1}},"locations":[{"start":{"line":7,"column":0},"end":{"line":256,"column":1}}]},"1":{"type":"branch","line":11,"loc":{"start":{"line":11,"column":15},"end":{"line":63,"column":33}},"locations":[{"start":{"line":11,"column":15},"end":{"line":63,"column":33}}]},"2":{"type":"branch","line":11,"loc":{"start":{"line":11,"column":15},"end":{"line":11,"column":26}},"locations":[{"start":{"line":11,"column":15},"end":{"line":11,"column":26}}]},"3":{"type":"branch","line":11,"loc":{"start":{"line":11,"column":22},"end":{"line":63,"column":33}},"locations":[{"start":{"line":11,"column":22},"end":{"line":63,"column":33}}]},"4":{"type":"branch","line":63,"loc":{"start":{"line":63,"column":28},"end":{"line":76,"column":18}},"locations":[{"start":{"line":63,"column":28},"end":{"line":76,"column":18}}]},"5":{"type":"branch","line":76,"loc":{"start":{"line":76,"column":12},"end":{"line":226,"column":18}},"locations":[{"start":{"line":76,"column":12},"end":{"line":226,"column":18}}]},"6":{"type":"branch","line":231,"loc":{"start":{"line":231,"column":24},"end":{"line":251,"column":16}},"locations":[{"start":{"line":231,"column":24},"end":{"line":251,"column":16}}]},"7":{"type":"branch","line":79,"loc":{"start":{"line":79,"column":25},"end":{"line":225,"column":15}},"locations":[{"start":{"line":79,"column":25},"end":{"line":225,"column":15}}]},"8":{"type":"branch","line":112,"loc":{"start":{"line":112,"column":61},"end":{"line":112,"column":76}},"locations":[{"start":{"line":112,"column":61},"end":{"line":112,"column":76}}]},"9":{"type":"branch","line":80,"loc":{"start":{"line":80,"column":49},"end":{"line":80,"column":75}},"locations":[{"start":{"line":80,"column":49},"end":{"line":80,"column":75}}]},"10":{"type":"branch","line":158,"loc":{"start":{"line":158,"column":37},"end":{"line":161,"column":37}},"locations":[{"start":{"line":158,"column":37},"end":{"line":161,"column":37}}]},"11":{"type":"branch","line":180,"loc":{"start":{"line":180,"column":38},"end":{"line":183,"column":37}},"locations":[{"start":{"line":180,"column":38},"end":{"line":183,"column":37}}]},"12":{"type":"branch","line":182,"loc":{"start":{"line":182,"column":72},"end":{"line":182,"column":109}},"locations":[{"start":{"line":182,"column":72},"end":{"line":182,"column":109}}]},"13":{"type":"branch","line":182,"loc":{"start":{"line":182,"column":103},"end":{"line":182,"column":112}},"locations":[{"start":{"line":182,"column":103},"end":{"line":182,"column":112}}]},"14":{"type":"branch","line":205,"loc":{"start":{"line":205,"column":35},"end":{"line":208,"column":29}},"locations":[{"start":{"line":205,"column":35},"end":{"line":208,"column":29}}]},"15":{"type":"branch","line":217,"loc":{"start":{"line":217,"column":33},"end":{"line":217,"column":92}},"locations":[{"start":{"line":217,"column":33},"end":{"line":217,"column":92}}]}},"b":{"0":[49],"1":[48],"2":[24],"3":[25],"4":[3],"5":[22],"6":[22],"7":[22],"8":[0],"9":[22],"10":[88],"11":[110],"12":[88],"13":[22],"14":[1],"15":[1]},"fnMap":{"0":{"name":"Cart","decl":{"start":{"line":7,"column":0},"end":{"line":256,"column":1}},"loc":{"start":{"line":7,"column":0},"end":{"line":256,"column":1}},"line":7},"1":{"name":"handleOptionChange","decl":{"start":{"line":14,"column":29},"end":{"line":34,"column":3}},"loc":{"start":{"line":14,"column":29},"end":{"line":34,"column":3}},"line":14},"2":{"name":"onClick","decl":{"start":{"line":41,"column":17},"end":{"line":41,"column":57}},"loc":{"start":{"line":41,"column":17},"end":{"line":41,"column":57}},"line":41},"3":{"name":"onClick","decl":{"start":{"line":52,"column":21},"end":{"line":52,"column":61}},"loc":{"start":{"line":52,"column":21},"end":{"line":52,"column":61}},"line":52},"4":{"name":"onClick","decl":{"start":{"line":109,"column":33},"end":{"line":109,"column":73}},"loc":{"start":{"line":109,"column":33},"end":{"line":109,"column":73}},"line":109},"5":{"name":"onClick","decl":{"start":{"line":128,"column":35},"end":{"line":128,"column":75}},"loc":{"start":{"line":128,"column":35},"end":{"line":128,"column":75}},"line":128},"6":{"name":"onChange","decl":{"start":{"line":155,"column":36},"end":{"line":155,"column":98}},"loc":{"start":{"line":155,"column":36},"end":{"line":155,"column":98}},"line":155},"7":{"name":"onChange","decl":{"start":{"line":177,"column":36},"end":{"line":177,"column":97}},"loc":{"start":{"line":177,"column":36},"end":{"line":177,"column":97}},"line":177},"8":{"name":"onClick","decl":{"start":{"line":193,"column":35},"end":{"line":196,"column":29}},"loc":{"start":{"line":193,"column":35},"end":{"line":196,"column":29}},"line":193},"9":{"name":"onClick","decl":{"start":{"line":205,"column":35},"end":{"line":208,"column":29}},"loc":{"start":{"line":205,"column":35},"end":{"line":208,"column":29}},"line":205},"10":{"name":"onClick","decl":{"start":{"line":217,"column":33},"end":{"line":217,"column":92}},"loc":{"start":{"line":217,"column":33},"end":{"line":217,"column":92}},"line":217},"11":{"name":"onClick","decl":{"start":{"line":246,"column":23},"end":{"line":246,"column":63}},"loc":{"start":{"line":246,"column":23},"end":{"line":246,"column":63}},"line":246}},"f":{"0":49,"1":0,"2":0,"3":0,"4":0,"5":0,"6":0,"7":0,"8":0,"9":1,"10":1,"11":0}}
[...]
:1,"150":1,"151":1,"153":1,"154":1,"156":1,"157":1,"158":1,"161":1,"162":1,"163":1,"164":1,"166":1,"167":1,"169":1,"170":1,"171":1,"173":1,"174":1,"176":1,"177":1,"178":1,"180":1,"181":1,"182":1},"branchMap":{"0":{"type":"branch","line":11,"loc":{"start":{"line":11,"column":32},"end":{"line":165,"column":2}},"locations":[{"start":{"line":11,"column":32},"end":{"line":165,"column":2}}]},"1":{"type":"branch","line":13,"loc":{"start":{"line":13,"column":26},"end":{"line":20,"column":3}},"locations":[{"start":{"line":13,"column":26},"end":{"line":20,"column":3}}]},"2":{"type":"branch","line":14,"loc":{"start":{"line":14,"column":45},"end":{"line":19,"column":5}},"locations":[{"start":{"line":14,"column":45},"end":{"line":19,"column":5}}]},"3":{"type":"branch","line":22,"loc":{"start":{"line":22,"column":30},"end":{"line":90,"column":3}},"locations":[{"start":{"line":22,"column":30},"end":{"line":90,"column":3}}]},"4":{"type":"branch","line":26,"loc":{"start":{"line":26,"column":53},"end":{"line":28,"column":5}},"locations":[{"start":{"line":26,"column":53},"end":{"line":28,"column":5}}]},"5":{"type":"branch","line":30,"loc":{"start":{"line":30,"column":57},"end":{"line":32,"column":5}},"locations":[{"start":{"line":30,"column":57},"end":{"line":32,"column":5}}]},"6":{"type":"branch","line":34,"loc":{"start":{"line":34,"column":43},"end":{"line":72,"column":5}},"locations":[{"start":{"line":34,"column":43},"end":{"line":72,"column":5}}]},"7":{"type":"branch","line":37,"loc":{"start":{"line":37,"column":66},"end":{"line":47,"column":7}},"locations":[{"start":{"line":37,"column":66},"end":{"line":47,"column":7}}]},"8":{"type":"branch","line":49,"loc":{"start":{"line":49,"column":62},"end":{"line":54,"column":7}},"locations":[{"start":{"line":49,"column":62},"end":{"line":54,"column":7}}]},"9":{"type":"branch","line":56,"loc":{"start":{"line":56,"column":52},"end":{"line":64,"column":7}},"locations":[{"start":{"line":56,"column":52},"end":{"line":64,"column":7}}]},"10":{"type":"branch","line":66,"loc":{"start":{"line":66,"column":61},"end":{"line":71,"column":7}},"locations":[{"start":{"line":66,"column":61},"end":{"line":71,"column":7}}]},"11":{"type":"branch","line":74,"loc":{"start":{"line":74,"column":37},"end":{"line":89,"column":5}},"locations":[{"start":{"line":74,"column":37},"end":{"line":89,"column":5}}]},"12":{"type":"branch","line":75,"loc":{"start":{"line":75,"column":43},"end":{"line":78,"column":7}},"locations":[{"start":{"line":75,"column":43},"end":{"line":78,"column":7}}]},"13":{"type":"branch","line":80,"loc":{"start":{"line":80,"column":41},"end":{"line":83,"column":7}},"locations":[{"start":{"line":80,"column":41},"end":{"line":83,"column":7}}]},"14":{"type":"branch","line":85,"loc":{"start":{"line":85,"column":38},"end":{"line":88,"column":7}},"locations":[{"start":{"line":85,"column":38},"end":{"line":88,"column":7}}]},"15":{"type":"branch","line":92,"loc":{"start":{"line":92,"column":24},"end":{"line":118,"column":3}},"locations":[{"start":{"line":92,"column":24},"end":{"line":118,"column":3}}]},"16":{"type":"branch","line":95,"loc":{"start":{"line":95,"column":53},"end":{"line":102,"column":5}},"locations":[{"start":{"line":95,"column":53},"end":{"line":102,"column":5}}]},"17":{"type":"branch","line":104,"loc":{"start":{"line":104,"column":52},"end":{"line":110,"column":5}},"locations":[{"start":{"line":104,"column":52},"end":{"line":110,"column":5}}]},"18":{"type":"branch","line":112,"loc":{"start":{"line":112,"column":46},"end":{"line":117,"column":5}},"locations":[{"start":{"line":112,"column":46},"end":{"line":117,"column":5}}]},"19":{"type":"branch","line":120,"loc":{"start":{"line":120,"column":23},"end":{"line":138,"column":3}},"locations":[{"start":{"line":120,"column":23},"end":{"line":138,"column":3}}]},"20":{"type":"branch","line":121,"loc":{"start":{"line":121,"column":38},"end":{"line":127,"column":5}},"locations":[{"start":{"line":121,"column":38},"end":{"line":127,"column":5}}]},"21":{"type":"branch","line":129,"loc":{"start":{"line":129,"column":42},"end":{"line":137,"column":5}},"locations":[{"start":{"line":129,"column":42},"end":{"line":137,"column":5}}]},"22":{"type":"branch","line":140,"loc":{"start":{"line":140,"column":22},"end":{"line":147,"column":3}},"locations":[{"start":{"line":140,"column":22},"end":{"line":147,"column":3}}]},"23":{"type":"branch","line":141,"loc":{"start":{"line":141,"column":46},"end":{"line":146,"column":5}},"locations":[{"start":{"line":141,"column":46},"end":{"line":146,"column":5}}]},"24":{"type":"branch","line":149,"loc":{"start":{"line":149,"column":27},"end":{"line":164,"column":3}},"locations":[{"start":{"line":149,"column":27},"end":{"line":164,"column":3}}]},"25":{"type":"branch","line":150,"loc":{"start":{"line":150,"column":42},"end":{"line":155,"column":5}},"locations":[{"start":{"line":150,"column":42},"end":{"line":155,"column":5}}]},"26":{"type":"branch","line":157,"loc":{"start":{"line":157,"column":45},"end":{"line":163,"column":5}},"locations":[{"start":{"line":157,"column":45},"end":{"line":163,"column":5}}]},"27":{"type":"branch","line":167,"loc":{"start":{"line":167,"column":40},"end":{"line":183,"column":2}},"locations":[{"start":{"line":167,"column":40},"end":{"line":183,"column":2}}]},"28":{"type":"branch","line":170,"loc":{"start":{"line":170,"column":54},"end":{"line":175,"column":3}},"locations":[{"start":{"line":170,"column":54},"end":{"line":175,"column":3}}]},"29":{"type":"branch","line":177,"loc":{"start":{"line":177,"column":59},"end":{"line":182,"column":3}},"locations":[{"start":{"line":177,"column":59},"end":{"line":182,"column":3}}]}},"b":{"0":[1],"1":[1],"2":[1],"3":[1],"4":[1],"5":[1],"6":[1],"7":[1],"8":[1],"9":[1],"10":[1],"11":[1],"12":[1],"13":[1],"14":[1],"15":[1],"16":[1],"17":[1],"18":[1],"19":[1],"20":[1],"21":[1],"22":[1],"23":[1],"24":[1],"25":[1],"26":[1],"27":[1],"28":[1],"29":[1]},"fnMap":{},"f":{}}
,"C:\\xampp\\htdocs\\SMITHSONIAN-CLAUDE-AUTOMATED\\smithsonian-art-store\\gallery-store\\src\\utils\\images.ts": {"path":"C:\\xampp\\htdocs\\SMITHSONIAN-CLAUDE-AUTOMATED\\smithsonian-art-store\\gallery-store\\src\\utils\\images.ts","all":false,"statementMap":{"15":{"start":{"line":16,"column":0},"end":{"line":16,"column":68}},"20":{"start":{"line":21,"column":0},"end":{"line":21,"column":28}},"21":{"start":{"line":22,"column":0},"end":{"line":22,"column":64}},"22":{"start":{"line":23,"column":0},"end":{"line":23,"column":51}},"23":{"start":{"line":24,"column":0},"end":{"line":24,"column":61}},"24":{"start":{"line":25,"column":0},"end":{"line":25,"column":54}},"25":{"start":{"line":26,"column":0},"end":{"line":26,"column":1}},"38":{"start":{"line":39,"column":0},"end":{"line":39,"column":72}},"42":{"start":{"line":43,"column":0},"end":{"line":43,"column":17}},"43":{"start":{"line":44,"column":0},"end":{"line":44,"column":21}},"46":{"start":{"line":47,"column":0},"end":{"line":47,"column":25}},"47":{"start":{"line":48,"column":0},"end":{"line":48,"column":50}},"48":{"start":{"line":49,"column":0},"end":{"line":49,"column":3}},"51":{"start":{"line":52,"column":0},"end":{"line":52,"column":40}},"52":{"start":{"line":53,"column":0},"end":{"line":53,"column":1}},"63":{"start":{"line":64,"column":0},"end":{"line":64,"column":66}},"67":{"start":{"line":68,"column":0},"end":{"line":68,"column":17}},"68":{"start":{"line":69,"column":0},"end":{"line":69,"column":9}},"69":{"start":{"line":70,"column":0},"end":{"line":70,"column":21}},"70":{"start":{"line":71,"column":0},"end":{"line":71,"column":20}},"71":{"start":{"line":72,"column":0},"end":{"line":72,"column":18}},"72":{"start":{"line":73,"column":0},"end":{"line":73,"column":13}},"76":{"start":{"line":77,"column":0},"end":{"line":77,"column":22}},"77":{"start":{"line":78,"column":0},"end":{"line":78,"column":19}},"78":{"start":{"line":79,"column":0},"end":{"line":79,"column":16}},"79":{"start":{"line":80,"column":0},"end":{"line":80,"column":19}},"80":{"start":{"line":81,"column":0},"end":{"line":81,"column":17}},"81":{"start":{"line":82,"column":0},"end":{"line":82,"column":13}},"85":{"start":{"line":86,"column":0},"end":{"line":86,"column":44}},"86":{"start":{"line":87,"column":0},"end":{"line":87,"column":97}},"87":{"start":{"line":88,"column":0},"end":{"line":88,"column":1}},"93":{"start":{"line":94,"column":0},"end":{"line":94,"column":66}},"94":{"start":{"line":95,"column":0},"end":{"line":95,"column":45}},"96":{"start":{"line":97,"column":0},"end":{"line":97,"column":49}},"97":{"start":{"line":98,"column":0},"end":{"line":98,"column":43}},"98":{"start":{"line":99,"column":0},"end":{"line":99,"column":1}},"108":{"start":{"line":109,"column":0},"end":{"line":109,"column":91}},"109":{"start":{"line":110,"column":0},"end":{"line":110,"column":15}},"110":{"start":{"line":111,"column":0},"end":{"line":111,"column":49}},"111":{"start":{"line":112,"column":0},"end":{"line":112,"column":15}},"112":{"start":{"line":113,"column":0},"end":{"line":113,"column":1}},"121":{"start":{"line":122,"column":0},"end":{"line":122,"column":76}},"122":{"start":{"line":123,"column":0},"end":{"line":123,"column":44}},"123":{"start":{"line":124,"column":0},"end":{"line":124,"column":34}},"124":{"start":{"line":125,"column":0},"end":{"line":125,"column":34}},"125":{"start":{"line":126,"column":0},"end":{"line":126,"column":22}},"126":{"start":{"line":127,"column":0},"end":{"line":127,"column":3}},"128":{"start":{"line":129,"column":0},"end":{"line":129,"column":48}},"130":{"start":{"line":131,"column":0},"end":{"line":131,"column":31}},"131":{"start":{"line":132,"column":0},"end":{"line":132,"column":33}},"132":{"start":{"line":133,"column":0},"end":{"line":133,"column":63}},"133":{"start":{"line":134,"column":0},"end":{"line":134,"column":5}},"134":{"start":{"line":135,"column":0},"end":{"line":135,"column":15}},"135":{"start":{"line":136,"column":0},"end":{"line":136,"column":1}},"142":{"start":{"line":143,"column":0},"end":{"line":143,"column":70}},"143":{"start":{"line":144,"column":0},"end":{"line":144,"column":43}},"144":{"start":{"line":145,"column":0},"end":{"line":145,"column":27}},"145":{"start":{"line":146,"column":0},"end":{"line":146,"column":35}},"146":{"start":{"line":147,"column":0},"end":{"line":147,"column":24}},"147":{"start":{"line":148,"column":0},"end":{"line":148,"column":17}},"148":{"start":{"line":149,"column":0},"end":{"line":149,"column":4}},"149":{"start":{"line":150,"column":0},"end":{"line":150,"column":1}},"157":{"start":{"line":158,"column":0},"end":{"line":158,"column":120}},"159":{"start":{"line":160,"column":0},"end":{"line":160,"column":28}},"160":{"start":{"line":161,"column":0},"end":{"line":161,"column":25}},"161":{"start":{"line":162,"column":0},"end":{"line":162,"column":49}},"162":{"start":{"line":163,"column":0},"end":{"line":163,"column":26}},"163":{"start":{"line":164,"column":0},"end":{"line":164,"column":23}},"164":{"start":{"line":165,"column":0},"end":{"line":165,"column":21}},"165":{"start":{"line":166,"column":0},"end":{"line":166,"column":37}},"166":{"start":{"line":167,"column":0},"end":{"line":167,"column":6}},"167":{"start":{"line":168,"column":0},"end":{"line":168,"column":3}},"169":{"start":{"line":170,"column":0},"end":{"line":170,"column":44}},"170":{"start":{"line":171,"column":0},"end":{"line":171,"column":1}},"176":{"start":{"line":177,"column":0},"end":{"line":177,"column":46}},"177":{"start":{"line":178,"column":0},"end":{"line":178,"column":47}},"178":{"start":{"line":179,"column":0},"end":{"line":179,"column":1}},"184":{"start":{"line":185,"column":0},"end":{"line":185,"column":36}},"185":{"start":{"line":186,"column":0},"end":{"line":186,"column":51}},"186":{"start":{"line":187,"column":0},"end":{"line":187,"column":7}},"187":{"start":{"line":188,"column":0},"end":{"line":188,"column":51}},"188":{"start":{"line":189,"column":0},"end":{"line":189,"column":50}},"189":{"start":{"line":190,"column":0},"end":{"line":190,"column":69}},"190":{"start":{"line":191,"column":0},"end":{"line":191,"column":11}},"191":{"start":{"line":192,"column":0},"end":{"line":192,"column":16}},"192":{"start":{"line":193,"column":0},"end":{"line":193,"column":3}},"193":{"start":{"line":194,"column":0},"end":{"line":194,"column":4}},"195":{"start":{"line":196,"column":0},"end":{"line":196,"column":36}},"196":{"start":{"line":197,"column":0},"end":{"line":197,"column":51}},"197":{"start":{"line":198,"column":0},"end":{"line":198,"column":7}},"198":{"start":{"line":199,"column":0},"end":{"line":199,"column":51}},"199":{"start":{"line":200,"column":0},"end":{"line":200,"column":50}},"200":{"start":{"line":201,"column":0},"end":{"line":201,"column":69}},"201":{"start":{"line":202,"column":0},"end":{"line":202,"column":11}},"202":{"start":{"line":203,"column":0},"end":{"line":203,"column":16}},"203":{"start":{"line":204,"column":0},"end":{"line":204,"column":3}},"204":{"start":{"line":205,"column":0},"end":{"line":205,"column":4}}},"s":{"15":1,"20":1,"21":1,"22":1,"23":1,"24":1,"25":1,"38":1,"42":63,"43":63,"46":61,"47":61,"48":61,"51":0,"52":0,"63":61,"67":61,"68":61,"69":61,"70":61,"71":61,"72":61,"76":61,"77":61,"78":61,"79":61,"80":61,"81":61,"85":61,"86":61,"87":61,"93":0,"94":0,"96":0,"97":0,"98":0,"108":1,"109":3,"110":3,"111":3,"112":3,"121":1,"122":2,"123":2,"124":2,"125":2,"126":2,"128":2,"130":2,"131":2,"132":7,"133":2,"134":2,"135":2,"142":1,"143":2,"144":2,"145":2,"146":2,"147":2,"148":2,"149":2,"157":1,"159":0,"160":0,"161":0,"162":0,"163":0,"164":0,"165":0,"166":0,"167":0,"169":0,"170":0,"176":1,"177":1,"178":1,"184":1,"185":4,"186":4,"187":4,"188":4,"189":4,"190":4,"191":0,"192":0,"193":1,"195":1,"196":4,"197":4,"198":4,"199":4,"200":4,"201":4,"202":0,"203":0,"204":1},"branchMap":{"0":{"type":"branch","line":16,"loc":{"start":{"line":16,"column":41},"end":{"line":16,"column":68}},"locations":[{"start":{"line":16,"column":41},"end":{"line":16,"column":68}}]},"1":{"type":"branch","line":39,"loc":{"start":{"line":39,"column":7},"end":{"line":53,"column":1}},"locations":[{"start":{"line":39,"column":7},"end":{"line":53,"column":1}}]},"2":{"type":"branch","line":44,"loc":{"start":{"line":44,"column":12},"end":{"line":44,"column":21}},"locations":[{"start":{"line":44,"column":12},"end":{"line":44,"column":21}}]},"3":{"type":"branch","line":44,"loc":{"start":{"line":44,"column":19},"end":{"line":49,"column":3}},"locations":[{"start":{"line":44,"column":19},"end":{"line":49,"column":3}}]},"4":{"type":"branch","line":49,"loc":{"start":{"line":49,"column":2},"end":{"line":53,"column":1}},"locations":[{"start":{"line":49,"column":2},"end":{"line":53,"column":1}}]},"5":{"type":"branch","line":64,"loc":{"start":{"line":64,"column":0},"end":{"line":88,"column":1}},"locations":[{"start":{"line":64,"column":0},"end":{"line":88,"column":1}}]},"6":{"type":"branch","line":109,"loc":{"start":{"line":109,"column":7},"end":{"line":113,"column":1}},"locations":[{"start":{"line":109,"column":7},"end":{"line":113,"column":1}}]},"7":{"type":"branch","line":111,"loc":{"start":{"line":111,"column":9},"end":{"line":111,"column":48}},"locations":[{"start":{"line":111,"column":9},"end":{"line":111,"column":48}}]},"8":{"type":"branch","line":122,"loc":{"start":{"line":122,"column":7},"end":{"line":136,"column":1}},"locations":[{"start":{"line":122,"column":7},"end":{"line":136,"column":1}}]},"9":{"type":"branch","line":132,"loc":{"start":{"line":132,"column":9},"end":{"line":133,"column":63}},"locations":[{"start":{"line":132,"column":9},"end":{"line":133,"column":63}}]},"10":{"type":"branch","line":133,"loc":{"start":{"line":133,"column":21},"end":{"line":133,"column":40}},"locations":[{"start":{"line":133,"column":21},"end":{"line":133,"column":40}}]},"11":{"type":"branch","line":133,"loc":{"start":{"line":133,"column":33},"end":{"line":133,"column":63}},"locations":[{"start":{"line":133,"column":33},"end":{"line":133,"column":63}}]},"12":{"type":"branch","line":143,"loc":{"start":{"line":143,"column":7},"end":{"line":150,"column":1}},"locations":[{"start":{"line":143,"column":7},"end":{"line":150,"column":1}}]},"13":{"type":"branch","line":144,"loc":{"start":{"line":144,"column":21},"end":{"line":149,"column":3}},"locations":[{"start":{"line":144,"column":21},"end":{"line":149,"column":3}}]},"14":{"type":"branch","line":146,"loc":{"start":{"line":146,"column":17},"end":{"line":146,"column":35}},"locations":[{"start":{"line":146,"column":17},"end":{"line":146,"column":35}}]},"15":{"type":"branch","line":177,"loc":{"start":{"line":177,"column":7},"end":{"line":179,"column":1}},"locations":[{"start":{"line":177,"column":7},"end":{"line":179,"column":1}}]},"16":{"type":"branch","line":185,"loc":{"start":{"line":185,"column":29},"end":{"line":194,"column":3}},"locations":[{"start":{"line":185,"column":29},"end":{"line":194,"column":3}}]},"17":{"type":"branch","line":186,"loc":{"start":{"line":186,"column":39},"end":{"line":186,"column":51}},"locations":[{"start":{"line":186,"column":39},"end":{"line":186,"column":51}}]},"18":{"type":"branch","line":190,"loc":{"start":{"line":190,"column":60},"end":{"line":190,"column":69}},"locations":[{"start":{"line":190,"column":60},"end":{"line":190,"column":69}}]},"19":{"type":"branch","line":191,"loc":{"start":{"line":191,"column":2},"end":{"line":193,"column":3}},"locations":[{"start":{"line":191,"column":2},"end":{"line":193,"column":3}}]},"20":{"type":"branch","line":196,"loc":{"start":{"line":196,"column":29},"end":{"line":205,"column":3}},"locations":[{"start":{"line":196,"column":29},"end":{"line":205,"column":3}}]},"21":{"type":"branch","line":197,"loc":{"start":{"line":197,"column":39},"end":{"line":197,"column":51}},"locations":[{"start":{"line":197,"column":39},"end":{"line":197,"column":51}}]},"22":{"type":"branch","line":201,"loc":{"start":{"line":201,"column":60},"end":{"line":201,"column":69}},"locations":[{"start":{"line":201,"column":60},"end":{"line":201,"column":69}}]},"23":{"type":"branch","line":202,"loc":{"start":{"line":202,"column":2},"end":{"line":204,"column":3}},"locations":[{"start":{"line":202,"column":2},"end":{"line":204,"column":3}}]}},"b":{"0":[0],"1":[63],"2":[2],"3":[61],"4":[0],"5":[61],"6":[3],"7":[8],"8":[2],"9":[7],"10":[2],"11":[5],"12":[2],"13":[2],"14":[2],"15":[1],"16":[4],"17":[0],"18":[0],"19":[0],"20":[4],"21":[0],"22":[0],"23":[0]},"fnMap":{"0":{"name":"getResizedImage","decl":{"start":{"line":39,"column":7},"end":{"line":53,"column":1}},"loc":{"start":{"line":39,"column":7},"end":{"line":53,"column":1}},"line":39},"1":{"name":"getCloudinaryUrl","decl":{"start":{"line":64,"column":0},"end":{"line":88,"column":1}},"loc":{"start":{"line":64,"column":0},"end":{"line":88,"column":1}},"line":64},"2":{"name":"getSmithsonianUrl","decl":{"start":{"line":94,"column":0},"end":{"line":99,"column":1}},"loc":{"start":{"line":94,"column":0},"end":{"line":99,"column":1}},"line":94},"3":{"name":"getSrcSet","decl":{"start":{"line":109,"column":7},"end":{"line":113,"column":1}},"loc":{"start":{"line":109,"column":7},"end":{"line":113,"column":1}},"line":109},"4":{"name":"getSizes","decl":{"start":{"line":122,"column":7},"end":{"line":136,"column":1}},"loc":{"start":{"line":122,"column":7},"end":{"line":136,"column":1}},"line":122},"5":{"name":"preloadImage","decl":{"start":{"line":143,"column":7},"end":{"line":150,"column":1}},"loc":{"start":{"line":143,"column":7},"end":{"line":150,"column":1}},"line":143},"6":{"name":"img.onload","decl":{"start":{"line":146,"column":17},"end":{"line":146,"column":35}},"loc":{"start":{"line":146,"column":17},"end":{"line":146,"column":35}},"line":146},"7":{"name":"preloadImages","decl":{"start":{"line":158,"column":7},"end":{"line":171,"column":1}},"loc":{"start":{"line":158,"column":7},"end":{"line":171,"column":1}},"line":158},"8":{"name":"getLQIP","decl":{"start":{"line":177,"column":7},"end":{"line":179,"column":1}},"loc":{"start":{"line":177,"column":7},"end":{"line":179,"column":1}},"line":177}},"f":{"0":63,"1":61,"2":0,"3":3,"4":2,"5":2,"6":2,"7":0,"8":1}}
}
